{"D:\\Projects\\base-backend\\backend-ts-starter\\src\\app.ts": {"path":"D:\\Projects\\base-backend\\backend-ts-starter\\src\\app.ts","statementMap":{"0":{"start":{"line":20,"column":12},"end":{"line":20,"column":20}},"1":{"start":{"line":22,"column":0},"end":{"line":22,"column":null}},"2":{"start":{"line":23,"column":0},"end":{"line":23,"column":null}},"3":{"start":{"line":24,"column":0},"end":{"line":24,"column":null}},"4":{"start":{"line":27,"column":16},"end":{"line":27,"column":null}},"5":{"start":{"line":28,"column":0},"end":{"line":31,"column":null}},"6":{"start":{"line":34,"column":0},"end":{"line":34,"column":null}},"7":{"start":{"line":35,"column":0},"end":{"line":35,"column":null}},"8":{"start":{"line":36,"column":0},"end":{"line":38,"column":null}},"9":{"start":{"line":37,"column":4},"end":{"line":37,"column":null}},"10":{"start":{"line":40,"column":0},"end":{"line":40,"column":null}},"11":{"start":{"line":41,"column":0},"end":{"line":41,"column":null}},"12":{"start":{"line":44,"column":0},"end":{"line":44,"column":null}},"13":{"start":{"line":47,"column":0},"end":{"line":54,"column":null}},"14":{"start":{"line":48,"column":4},"end":{"line":53,"column":null}},"15":{"start":{"line":49,"column":8},"end":{"line":49,"column":null}},"16":{"start":{"line":50,"column":8},"end":{"line":50,"column":null}},"17":{"start":{"line":52,"column":8},"end":{"line":52,"column":null}},"18":{"start":{"line":57,"column":0},"end":{"line":74,"column":null}},"19":{"start":{"line":58,"column":4},"end":{"line":73,"column":null}},"20":{"start":{"line":59,"column":23},"end":{"line":59,"column":null}},"21":{"start":{"line":60,"column":27},"end":{"line":60,"column":null}},"22":{"start":{"line":61,"column":8},"end":{"line":64,"column":null}},"23":{"start":{"line":66,"column":8},"end":{"line":66,"column":null}},"24":{"start":{"line":67,"column":8},"end":{"line":72,"column":null}},"25":{"start":{"line":77,"column":0},"end":{"line":77,"column":null}},"26":{"start":{"line":78,"column":0},"end":{"line":78,"column":null}},"27":{"start":{"line":81,"column":0},"end":{"line":81,"column":null}}},"fnMap":{"0":{"name":"(anonymous_0)","decl":{"start":{"line":47,"column":20},"end":{"line":47,"column":27}},"loc":{"start":{"line":47,"column":46},"end":{"line":54,"column":1}},"line":47},"1":{"name":"(anonymous_1)","decl":{"start":{"line":57,"column":29},"end":{"line":57,"column":36}},"loc":{"start":{"line":57,"column":70},"end":{"line":74,"column":1}},"line":57}},"branchMap":{"0":{"loc":{"start":{"line":27,"column":16},"end":{"line":27,"column":null}},"type":"binary-expr","locations":[{"start":{"line":27,"column":16},"end":{"line":27,"column":39}},{"start":{"line":27,"column":39},"end":{"line":27,"column":null}}],"line":27},"1":{"loc":{"start":{"line":29,"column":12},"end":{"line":29,"column":null}},"type":"cond-expr","locations":[{"start":{"line":29,"column":44},"end":{"line":29,"column":54}},{"start":{"line":29,"column":54},"end":{"line":29,"column":null}}],"line":29},"2":{"loc":{"start":{"line":36,"column":0},"end":{"line":38,"column":null}},"type":"if","locations":[{"start":{"line":36,"column":0},"end":{"line":38,"column":null}},{"start":{},"end":{}}],"line":36},"3":{"loc":{"start":{"line":60,"column":27},"end":{"line":60,"column":null}},"type":"cond-expr","locations":[{"start":{"line":60,"column":57},"end":{"line":60,"column":63}},{"start":{"line":60,"column":63},"end":{"line":60,"column":null}}],"line":60},"4":{"loc":{"start":{"line":60,"column":63},"end":{"line":60,"column":null}},"type":"cond-expr","locations":[{"start":{"line":60,"column":94},"end":{"line":60,"column":100}},{"start":{"line":60,"column":100},"end":{"line":60,"column":null}}],"line":60}},"s":{"0":1,"1":1,"2":1,"3":1,"4":1,"5":1,"6":1,"7":1,"8":1,"9":0,"10":1,"11":1,"12":1,"13":1,"14":0,"15":0,"16":0,"17":0,"18":1,"19":0,"20":0,"21":0,"22":0,"23":0,"24":0,"25":1,"26":1,"27":1},"f":{"0":0,"1":0},"b":{"0":[1,0],"1":[0,1],"2":[0,1],"3":[0,0],"4":[0,0]},"meta":{"lastBranch":5,"lastFunction":2,"lastStatement":28,"seen":{"s:20:12:20:20":0,"s:22:0:22:Infinity":1,"s:23:0:23:Infinity":2,"s:24:0:24:Infinity":3,"s:27:16:27:Infinity":4,"b:27:16:27:39:27:39:27:Infinity":0,"s:28:0:31:Infinity":5,"b:29:44:29:54:29:54:29:Infinity":1,"s:34:0:34:Infinity":6,"s:35:0:35:Infinity":7,"b:36:0:38:Infinity:undefined:undefined:undefined:undefined":2,"s:36:0:38:Infinity":8,"s:37:4:37:Infinity":9,"s:40:0:40:Infinity":10,"s:41:0:41:Infinity":11,"s:44:0:44:Infinity":12,"s:47:0:54:Infinity":13,"f:47:20:47:27":0,"s:48:4:53:Infinity":14,"s:49:8:49:Infinity":15,"s:50:8:50:Infinity":16,"s:52:8:52:Infinity":17,"s:57:0:74:Infinity":18,"f:57:29:57:36":1,"s:58:4:73:Infinity":19,"s:59:23:59:Infinity":20,"s:60:27:60:Infinity":21,"b:60:57:60:63:60:63:60:Infinity":3,"b:60:94:60:100:60:100:60:Infinity":4,"s:61:8:64:Infinity":22,"s:66:8:66:Infinity":23,"s:67:8:72:Infinity":24,"s:77:0:77:Infinity":25,"s:78:0:78:Infinity":26,"s:81:0:81:Infinity":27},"fnNames":{}}}
,"D:\\Projects\\base-backend\\backend-ts-starter\\src\\api\\middleware\\auth.middleware.ts": {"path":"D:\\Projects\\base-backend\\backend-ts-starter\\src\\api\\middleware\\auth.middleware.ts","statementMap":{"0":{"start":{"line":7,"column":23},"end":{"line":7,"column":null}},"1":{"start":{"line":9,"column":4},"end":{"line":23,"column":null}},"2":{"start":{"line":10,"column":22},"end":{"line":10,"column":null}},"3":{"start":{"line":12,"column":8},"end":{"line":20,"column":null}},"4":{"start":{"line":13,"column":12},"end":{"line":16,"column":null}},"5":{"start":{"line":14,"column":16},"end":{"line":14,"column":null}},"6":{"start":{"line":15,"column":16},"end":{"line":15,"column":null}},"7":{"start":{"line":17,"column":12},"end":{"line":17,"column":null}},"8":{"start":{"line":18,"column":12},"end":{"line":18,"column":null}},"9":{"start":{"line":19,"column":12},"end":{"line":19,"column":null}},"10":{"start":{"line":22,"column":8},"end":{"line":22,"column":null}},"11":{"start":{"line":27,"column":4},"end":{"line":33,"column":null}},"12":{"start":{"line":28,"column":8},"end":{"line":31,"column":null}},"13":{"start":{"line":29,"column":12},"end":{"line":29,"column":null}},"14":{"start":{"line":30,"column":12},"end":{"line":30,"column":null}},"15":{"start":{"line":32,"column":8},"end":{"line":32,"column":null}}},"fnMap":{"0":{"name":"authenticateJWT","decl":{"start":{"line":6,"column":16},"end":{"line":6,"column":32}},"loc":{"start":{"line":6,"column":93},"end":{"line":24,"column":null}},"line":6},"1":{"name":"(anonymous_1)","decl":{"start":{"line":12,"column":30},"end":{"line":12,"column":50}},"loc":{"start":{"line":12,"column":74},"end":{"line":20,"column":9}},"line":12},"2":{"name":"authorizeRole","decl":{"start":{"line":26,"column":16},"end":{"line":26,"column":30}},"loc":{"start":{"line":26,"column":47},"end":{"line":34,"column":null}},"line":26},"3":{"name":"(anonymous_3)","decl":{"start":{"line":27,"column":4},"end":{"line":27,"column":12}},"loc":{"start":{"line":27,"column":76},"end":{"line":33,"column":null}},"line":27}},"branchMap":{"0":{"loc":{"start":{"line":9,"column":4},"end":{"line":23,"column":null}},"type":"if","locations":[{"start":{"line":9,"column":4},"end":{"line":23,"column":null}},{"start":{"line":21,"column":11},"end":{"line":23,"column":null}}],"line":9},"1":{"loc":{"start":{"line":13,"column":12},"end":{"line":16,"column":null}},"type":"if","locations":[{"start":{"line":13,"column":12},"end":{"line":16,"column":null}},{"start":{},"end":{}}],"line":13},"2":{"loc":{"start":{"line":28,"column":8},"end":{"line":31,"column":null}},"type":"if","locations":[{"start":{"line":28,"column":8},"end":{"line":31,"column":null}},{"start":{},"end":{}}],"line":28},"3":{"loc":{"start":{"line":28,"column":12},"end":{"line":28,"column":57}},"type":"binary-expr","locations":[{"start":{"line":28,"column":12},"end":{"line":28,"column":25}},{"start":{"line":28,"column":25},"end":{"line":28,"column":57}}],"line":28}},"s":{"0":0,"1":0,"2":0,"3":0,"4":0,"5":0,"6":0,"7":0,"8":0,"9":0,"10":0,"11":0,"12":0,"13":0,"14":0,"15":0},"f":{"0":0,"1":0,"2":0,"3":0},"b":{"0":[0,0],"1":[0,0],"2":[0,0],"3":[0,0]},"meta":{"lastBranch":4,"lastFunction":4,"lastStatement":16,"seen":{"f:6:16:6:32":0,"s:7:23:7:Infinity":0,"b:9:4:23:Infinity:21:11:23:Infinity":0,"s:9:4:23:Infinity":1,"s:10:22:10:Infinity":2,"s:12:8:20:Infinity":3,"f:12:30:12:50":1,"b:13:12:16:Infinity:undefined:undefined:undefined:undefined":1,"s:13:12:16:Infinity":4,"s:14:16:14:Infinity":5,"s:15:16:15:Infinity":6,"s:17:12:17:Infinity":7,"s:18:12:18:Infinity":8,"s:19:12:19:Infinity":9,"s:22:8:22:Infinity":10,"f:26:16:26:30":2,"s:27:4:33:Infinity":11,"f:27:4:27:12":3,"b:28:8:31:Infinity:undefined:undefined:undefined:undefined":2,"s:28:8:31:Infinity":12,"b:28:12:28:25:28:25:28:57":3,"s:29:12:29:Infinity":13,"s:30:12:30:Infinity":14,"s:32:8:32:Infinity":15},"fnNames":{}}}
,"D:\\Projects\\base-backend\\backend-ts-starter\\src\\api\\middleware\\errorHandler.ts": {"path":"D:\\Projects\\base-backend\\backend-ts-starter\\src\\api\\middleware\\errorHandler.ts","statementMap":{"0":{"start":{"line":6,"column":23},"end":{"line":6,"column":null}},"1":{"start":{"line":7,"column":20},"end":{"line":7,"column":null}},"2":{"start":{"line":10,"column":4},"end":{"line":14,"column":null}},"3":{"start":{"line":16,"column":4},"end":{"line":20,"column":null}}},"fnMap":{"0":{"name":"errorHandler","decl":{"start":{"line":5,"column":16},"end":{"line":5,"column":29}},"loc":{"start":{"line":5,"column":100},"end":{"line":21,"column":null}},"line":5}},"branchMap":{"0":{"loc":{"start":{"line":6,"column":23},"end":{"line":6,"column":null}},"type":"binary-expr","locations":[{"start":{"line":6,"column":23},"end":{"line":6,"column":41}},{"start":{"line":6,"column":41},"end":{"line":6,"column":null}}],"line":6},"1":{"loc":{"start":{"line":7,"column":20},"end":{"line":7,"column":null}},"type":"binary-expr","locations":[{"start":{"line":7,"column":20},"end":{"line":7,"column":35}},{"start":{"line":7,"column":35},"end":{"line":7,"column":null}}],"line":7},"2":{"loc":{"start":{"line":19,"column":8},"end":{"line":19,"column":null}},"type":"cond-expr","locations":[{"start":{"line":19,"column":52},"end":{"line":19,"column":75}},{"start":{"line":19,"column":75},"end":{"line":19,"column":null}}],"line":19}},"s":{"0":0,"1":0,"2":0,"3":0},"f":{"0":0},"b":{"0":[0,0],"1":[0,0],"2":[0,0]},"meta":{"lastBranch":3,"lastFunction":1,"lastStatement":4,"seen":{"f:5:16:5:29":0,"s:6:23:6:Infinity":0,"b:6:23:6:41:6:41:6:Infinity":0,"s:7:20:7:Infinity":1,"b:7:20:7:35:7:35:7:Infinity":1,"s:10:4:14:Infinity":2,"s:16:4:20:Infinity":3,"b:19:52:19:75:19:75:19:Infinity":2},"fnNames":{}}}
,"D:\\Projects\\base-backend\\backend-ts-starter\\src\\api\\middleware\\metrics.middleware.ts": {"path":"D:\\Projects\\base-backend\\backend-ts-starter\\src\\api\\middleware\\metrics.middleware.ts","statementMap":{"0":{"start":{"line":6,"column":20},"end":{"line":6,"column":null}},"1":{"start":{"line":7,"column":19},"end":{"line":7,"column":null}},"2":{"start":{"line":9,"column":22},"end":{"line":9,"column":null}},"3":{"start":{"line":10,"column":2},"end":{"line":30,"column":null}},"4":{"start":{"line":11,"column":21},"end":{"line":11,"column":null}},"5":{"start":{"line":12,"column":23},"end":{"line":12,"column":null}},"6":{"start":{"line":14,"column":4},"end":{"line":27,"column":null}},"7":{"start":{"line":15,"column":6},"end":{"line":20,"column":null}},"8":{"start":{"line":22,"column":6},"end":{"line":26,"column":null}},"9":{"start":{"line":29,"column":4},"end":{"line":29,"column":null}},"10":{"start":{"line":32,"column":2},"end":{"line":32,"column":null}},"11":{"start":{"line":36,"column":2},"end":{"line":36,"column":null}},"12":{"start":{"line":37,"column":2},"end":{"line":37,"column":null}},"13":{"start":{"line":38,"column":2},"end":{"line":38,"column":null}},"14":{"start":{"line":39,"column":2},"end":{"line":39,"column":null}}},"fnMap":{"0":{"name":"metricsMiddleware","decl":{"start":{"line":5,"column":16},"end":{"line":5,"column":34}},"loc":{"start":{"line":5,"column":89},"end":{"line":33,"column":null}},"line":5},"1":{"name":"(anonymous_1)","decl":{"start":{"line":10,"column":12},"end":{"line":10,"column":21}},"loc":{"start":{"line":10,"column":42},"end":{"line":30,"column":null}},"line":10},"2":{"name":"normalizeEndpoint","decl":{"start":{"line":35,"column":9},"end":{"line":35,"column":27}},"loc":{"start":{"line":35,"column":49},"end":{"line":40,"column":null}},"line":35}},"branchMap":{"0":{"loc":{"start":{"line":39,"column":9},"end":{"line":39,"column":null}},"type":"binary-expr","locations":[{"start":{"line":39,"column":9},"end":{"line":39,"column":17}},{"start":{"line":39,"column":17},"end":{"line":39,"column":null}}],"line":39}},"s":{"0":1,"1":1,"2":1,"3":1,"4":1,"5":1,"6":1,"7":1,"8":0,"9":1,"10":1,"11":1,"12":1,"13":1,"14":1},"f":{"0":1,"1":1,"2":1},"b":{"0":[1,0]},"meta":{"lastBranch":1,"lastFunction":3,"lastStatement":15,"seen":{"f:5:16:5:34":0,"s:6:20:6:Infinity":0,"s:7:19:7:Infinity":1,"s:9:22:9:Infinity":2,"s:10:2:30:Infinity":3,"f:10:12:10:21":1,"s:11:21:11:Infinity":4,"s:12:23:12:Infinity":5,"s:14:4:27:Infinity":6,"s:15:6:20:Infinity":7,"s:22:6:26:Infinity":8,"s:29:4:29:Infinity":9,"s:32:2:32:Infinity":10,"f:35:9:35:27":2,"s:36:2:36:Infinity":11,"s:37:2:37:Infinity":12,"s:38:2:38:Infinity":13,"s:39:2:39:Infinity":14,"b:39:9:39:17:39:17:39:Infinity":0},"fnNames":{}}}
,"D:\\Projects\\base-backend\\backend-ts-starter\\src\\api\\middleware\\rateLimiter.ts": {"path":"D:\\Projects\\base-backend\\backend-ts-starter\\src\\api\\middleware\\rateLimiter.ts","statementMap":{"0":{"start":{"line":3,"column":30},"end":{"line":12,"column":null}},"1":{"start":{"line":14,"column":31},"end":{"line":23,"column":null}}},"fnMap":{},"branchMap":{},"s":{"0":1,"1":1},"f":{},"b":{},"meta":{"lastBranch":0,"lastFunction":0,"lastStatement":2,"seen":{"s:3:30:12:Infinity":0,"s:14:31:23:Infinity":1},"fnNames":{}}}
,"D:\\Projects\\base-backend\\backend-ts-starter\\src\\api\\middleware\\responseFormatter.ts": {"path":"D:\\Projects\\base-backend\\backend-ts-starter\\src\\api\\middleware\\responseFormatter.ts","statementMap":{"0":{"start":{"line":10,"column":4},"end":{"line":12,"column":null}},"1":{"start":{"line":11,"column":8},"end":{"line":11,"column":null}},"2":{"start":{"line":14,"column":4},"end":{"line":16,"column":null}},"3":{"start":{"line":15,"column":8},"end":{"line":15,"column":null}},"4":{"start":{"line":18,"column":4},"end":{"line":18,"column":null}}},"fnMap":{"0":{"name":"responseFormatter","decl":{"start":{"line":9,"column":16},"end":{"line":9,"column":34}},"loc":{"start":{"line":9,"column":104},"end":{"line":19,"column":null}},"line":9},"1":{"name":"(anonymous_1)","decl":{"start":{"line":10,"column":8},"end":{"line":10,"column":14}},"loc":{"start":{"line":10,"column":77},"end":{"line":12,"column":null}},"line":10},"2":{"name":"(anonymous_2)","decl":{"start":{"line":14,"column":8},"end":{"line":14,"column":19}},"loc":{"start":{"line":14,"column":91},"end":{"line":16,"column":null}},"line":14}},"branchMap":{"0":{"loc":{"start":{"line":10,"column":14},"end":{"line":10,"column":30}},"type":"default-arg","locations":[{"start":{"line":10,"column":26},"end":{"line":10,"column":30}}],"line":10},"1":{"loc":{"start":{"line":10,"column":30},"end":{"line":10,"column":77}},"type":"default-arg","locations":[{"start":{"line":10,"column":40},"end":{"line":10,"column":77}}],"line":10},"2":{"loc":{"start":{"line":14,"column":19},"end":{"line":14,"column":35}},"type":"default-arg","locations":[{"start":{"line":14,"column":31},"end":{"line":14,"column":35}}],"line":14},"3":{"loc":{"start":{"line":14,"column":35},"end":{"line":14,"column":91}},"type":"default-arg","locations":[{"start":{"line":14,"column":45},"end":{"line":14,"column":91}}],"line":14}},"s":{"0":1,"1":0,"2":1,"3":0,"4":1},"f":{"0":1,"1":0,"2":0},"b":{"0":[0],"1":[0],"2":[0],"3":[0]},"meta":{"lastBranch":4,"lastFunction":3,"lastStatement":5,"seen":{"f:9:16:9:34":0,"s:10:4:12:Infinity":0,"f:10:8:10:14":1,"b:10:26:10:30":0,"b:10:40:10:77":1,"s:11:8:11:Infinity":1,"s:14:4:16:Infinity":2,"f:14:8:14:19":2,"b:14:31:14:35":2,"b:14:45:14:91":3,"s:15:8:15:Infinity":3,"s:18:4:18:Infinity":4},"fnNames":{}}}
,"D:\\Projects\\base-backend\\backend-ts-starter\\src\\api\\middleware\\timeout.ts": {"path":"D:\\Projects\\base-backend\\backend-ts-starter\\src\\api\\middleware\\timeout.ts","statementMap":{"0":{"start":{"line":4,"column":4},"end":{"line":18,"column":null}},"1":{"start":{"line":5,"column":26},"end":{"line":12,"column":null}},"2":{"start":{"line":6,"column":12},"end":{"line":11,"column":null}},"3":{"start":{"line":7,"column":16},"end":{"line":10,"column":null}},"4":{"start":{"line":14,"column":8},"end":{"line":14,"column":null}},"5":{"start":{"line":14,"column":31},"end":{"line":14,"column":54}},"6":{"start":{"line":15,"column":8},"end":{"line":15,"column":null}},"7":{"start":{"line":15,"column":30},"end":{"line":15,"column":53}},"8":{"start":{"line":17,"column":8},"end":{"line":17,"column":null}}},"fnMap":{"0":{"name":"timeoutGuard","decl":{"start":{"line":3,"column":16},"end":{"line":3,"column":29}},"loc":{"start":{"line":3,"column":48},"end":{"line":19,"column":null}},"line":3},"1":{"name":"(anonymous_1)","decl":{"start":{"line":4,"column":4},"end":{"line":4,"column":12}},"loc":{"start":{"line":4,"column":70},"end":{"line":18,"column":null}},"line":4},"2":{"name":"(anonymous_2)","decl":{"start":{"line":5,"column":26},"end":{"line":5,"column":43}},"loc":{"start":{"line":5,"column":43},"end":{"line":12,"column":11}},"line":5},"3":{"name":"(anonymous_3)","decl":{"start":{"line":14,"column":15},"end":{"line":14,"column":31}},"loc":{"start":{"line":14,"column":31},"end":{"line":14,"column":54}},"line":14},"4":{"name":"(anonymous_4)","decl":{"start":{"line":15,"column":15},"end":{"line":15,"column":30}},"loc":{"start":{"line":15,"column":30},"end":{"line":15,"column":53}},"line":15}},"branchMap":{"0":{"loc":{"start":{"line":3,"column":29},"end":{"line":3,"column":48}},"type":"default-arg","locations":[{"start":{"line":3,"column":41},"end":{"line":3,"column":48}}],"line":3},"1":{"loc":{"start":{"line":6,"column":12},"end":{"line":11,"column":null}},"type":"if","locations":[{"start":{"line":6,"column":12},"end":{"line":11,"column":null}},{"start":{},"end":{}}],"line":6}},"s":{"0":1,"1":1,"2":0,"3":0,"4":1,"5":1,"6":1,"7":1,"8":1},"f":{"0":1,"1":1,"2":0,"3":1,"4":1},"b":{"0":[1],"1":[0,0]},"meta":{"lastBranch":2,"lastFunction":5,"lastStatement":9,"seen":{"f:3:16:3:29":0,"b:3:41:3:48":0,"s:4:4:18:Infinity":0,"f:4:4:4:12":1,"s:5:26:12:Infinity":1,"f:5:26:5:43":2,"b:6:12:11:Infinity:undefined:undefined:undefined:undefined":1,"s:6:12:11:Infinity":2,"s:7:16:10:Infinity":3,"s:14:8:14:Infinity":4,"f:14:15:14:31":3,"s:14:31:14:54":5,"s:15:8:15:Infinity":6,"f:15:15:15:30":4,"s:15:30:15:53":7,"s:17:8:17:Infinity":8},"fnNames":{}}}
,"D:\\Projects\\base-backend\\backend-ts-starter\\src\\api\\middleware\\traceId.middleware.ts": {"path":"D:\\Projects\\base-backend\\backend-ts-starter\\src\\api\\middleware\\traceId.middleware.ts","statementMap":{"0":{"start":{"line":14,"column":24},"end":{"line":14,"column":null}},"1":{"start":{"line":15,"column":18},"end":{"line":15,"column":null}},"2":{"start":{"line":16,"column":29},"end":{"line":16,"column":null}},"3":{"start":{"line":18,"column":20},"end":{"line":18,"column":null}},"4":{"start":{"line":19,"column":22},"end":{"line":19,"column":null}},"5":{"start":{"line":21,"column":4},"end":{"line":21,"column":null}},"6":{"start":{"line":22,"column":4},"end":{"line":22,"column":null}},"7":{"start":{"line":24,"column":4},"end":{"line":24,"column":null}},"8":{"start":{"line":25,"column":4},"end":{"line":25,"column":null}},"9":{"start":{"line":27,"column":22},"end":{"line":27,"column":null}},"10":{"start":{"line":28,"column":4},"end":{"line":32,"column":null}},"11":{"start":{"line":34,"column":24},"end":{"line":34,"column":null}},"12":{"start":{"line":35,"column":4},"end":{"line":44,"column":null}},"13":{"start":{"line":36,"column":25},"end":{"line":36,"column":null}},"14":{"start":{"line":38,"column":8},"end":{"line":41,"column":null}},"15":{"start":{"line":43,"column":8},"end":{"line":43,"column":null}},"16":{"start":{"line":46,"column":4},"end":{"line":48,"column":null}},"17":{"start":{"line":47,"column":8},"end":{"line":47,"column":null}},"18":{"start":{"line":52,"column":4},"end":{"line":57,"column":null}},"19":{"start":{"line":53,"column":8},"end":{"line":53,"column":null}},"20":{"start":{"line":53,"column":59},"end":{"line":53,"column":70}},"21":{"start":{"line":55,"column":8},"end":{"line":55,"column":null}},"22":{"start":{"line":56,"column":8},"end":{"line":56,"column":null}},"23":{"start":{"line":61,"column":4},"end":{"line":66,"column":null}},"24":{"start":{"line":70,"column":4},"end":{"line":75,"column":null}}},"fnMap":{"0":{"name":"traceIdMiddleware","decl":{"start":{"line":13,"column":16},"end":{"line":13,"column":34}},"loc":{"start":{"line":13,"column":95},"end":{"line":49,"column":null}},"line":13},"1":{"name":"(anonymous_1)","decl":{"start":{"line":35,"column":14},"end":{"line":35,"column":23}},"loc":{"start":{"line":35,"column":44},"end":{"line":44,"column":null}},"line":35},"2":{"name":"(anonymous_2)","decl":{"start":{"line":46,"column":44},"end":{"line":46,"column":53}},"loc":{"start":{"line":46,"column":53},"end":{"line":48,"column":5}},"line":46},"3":{"name":"withTraceId","decl":{"start":{"line":51,"column":22},"end":{"line":51,"column":37}},"loc":{"start":{"line":51,"column":103},"end":{"line":58,"column":null}},"line":51},"4":{"name":"(anonymous_4)","decl":{"start":{"line":53,"column":50},"end":{"line":53,"column":59}},"loc":{"start":{"line":53,"column":59},"end":{"line":53,"column":70}},"line":53},"5":{"name":"createEventTraceContext","decl":{"start":{"line":60,"column":16},"end":{"line":60,"column":40}},"loc":{"start":{"line":60,"column":81},"end":{"line":67,"column":null}},"line":60},"6":{"name":"createJobTraceContext","decl":{"start":{"line":69,"column":16},"end":{"line":69,"column":38}},"loc":{"start":{"line":69,"column":77},"end":{"line":76,"column":null}},"line":69}},"branchMap":{"0":{"loc":{"start":{"line":16,"column":29},"end":{"line":16,"column":null}},"type":"binary-expr","locations":[{"start":{"line":16,"column":29},"end":{"line":16,"column":82}},{"start":{"line":16,"column":82},"end":{"line":16,"column":null}}],"line":16},"1":{"loc":{"start":{"line":16,"column":82},"end":{"line":16,"column":null}},"type":"cond-expr","locations":[{"start":{"line":16,"column":104},"end":{"line":16,"column":115}},{"start":{"line":16,"column":115},"end":{"line":16,"column":null}}],"line":16},"2":{"loc":{"start":{"line":18,"column":20},"end":{"line":18,"column":null}},"type":"binary-expr","locations":[{"start":{"line":18,"column":20},"end":{"line":18,"column":39}},{"start":{"line":18,"column":39},"end":{"line":18,"column":null}}],"line":18}},"s":{"0":1,"1":1,"2":1,"3":1,"4":1,"5":1,"6":1,"7":1,"8":1,"9":1,"10":1,"11":1,"12":1,"13":1,"14":1,"15":1,"16":1,"17":1,"18":0,"19":0,"20":0,"21":0,"22":0,"23":0,"24":0},"f":{"0":1,"1":1,"2":1,"3":0,"4":0,"5":0,"6":0},"b":{"0":[1,1],"1":[0,1],"2":[1,1]},"meta":{"lastBranch":3,"lastFunction":7,"lastStatement":25,"seen":{"f:13:16:13:34":0,"s:14:24:14:Infinity":0,"s:15:18:15:Infinity":1,"s:16:29:16:Infinity":2,"b:16:29:16:82:16:82:16:Infinity":0,"b:16:104:16:115:16:115:16:Infinity":1,"s:18:20:18:Infinity":3,"b:18:20:18:39:18:39:18:Infinity":2,"s:19:22:19:Infinity":4,"s:21:4:21:Infinity":5,"s:22:4:22:Infinity":6,"s:24:4:24:Infinity":7,"s:25:4:25:Infinity":8,"s:27:22:27:Infinity":9,"s:28:4:32:Infinity":10,"s:34:24:34:Infinity":11,"s:35:4:44:Infinity":12,"f:35:14:35:23":1,"s:36:25:36:Infinity":13,"s:38:8:41:Infinity":14,"s:43:8:43:Infinity":15,"s:46:4:48:Infinity":16,"f:46:44:46:53":2,"s:47:8:47:Infinity":17,"f:51:22:51:37":3,"s:52:4:57:Infinity":18,"s:53:8:53:Infinity":19,"f:53:50:53:59":4,"s:53:59:53:70":20,"s:55:8:55:Infinity":21,"s:56:8:56:Infinity":22,"f:60:16:60:40":5,"s:61:4:66:Infinity":23,"f:69:16:69:38":6,"s:70:4:75:Infinity":24},"fnNames":{}}}
,"D:\\Projects\\base-backend\\backend-ts-starter\\src\\api\\middleware\\validateRequest.middleware.ts": {"path":"D:\\Projects\\base-backend\\backend-ts-starter\\src\\api\\middleware\\validateRequest.middleware.ts","statementMap":{"0":{"start":{"line":5,"column":13},"end":{"line":41,"column":null}},"1":{"start":{"line":5,"column":32},"end":{"line":41,"column":null}},"2":{"start":{"line":6,"column":4},"end":{"line":40,"column":null}},"3":{"start":{"line":7,"column":23},"end":{"line":7,"column":null}},"4":{"start":{"line":8,"column":32},"end":{"line":8,"column":null}},"5":{"start":{"line":8,"column":63},"end":{"line":8,"column":104}},"6":{"start":{"line":10,"column":8},"end":{"line":24,"column":null}},"7":{"start":{"line":11,"column":30},"end":{"line":15,"column":null}},"8":{"start":{"line":16,"column":12},"end":{"line":16,"column":null}},"9":{"start":{"line":17,"column":12},"end":{"line":17,"column":null}},"10":{"start":{"line":17,"column":46},"end":{"line":17,"column":null}},"11":{"start":{"line":18,"column":12},"end":{"line":18,"column":null}},"12":{"start":{"line":18,"column":47},"end":{"line":18,"column":null}},"13":{"start":{"line":19,"column":12},"end":{"line":19,"column":null}},"14":{"start":{"line":19,"column":48},"end":{"line":19,"column":null}},"15":{"start":{"line":21,"column":34},"end":{"line":21,"column":null}},"16":{"start":{"line":22,"column":12},"end":{"line":22,"column":null}},"17":{"start":{"line":23,"column":12},"end":{"line":23,"column":null}},"18":{"start":{"line":26,"column":8},"end":{"line":26,"column":null}},"19":{"start":{"line":28,"column":8},"end":{"line":38,"column":null}},"20":{"start":{"line":29,"column":37},"end":{"line":29,"column":null}},"21":{"start":{"line":30,"column":12},"end":{"line":37,"column":null}},"22":{"start":{"line":33,"column":53},"end":{"line":36,"column":18}},"23":{"start":{"line":39,"column":8},"end":{"line":39,"column":null}}},"fnMap":{"0":{"name":"(anonymous_0)","decl":{"start":{"line":5,"column":13},"end":{"line":5,"column":32}},"loc":{"start":{"line":5,"column":32},"end":{"line":41,"column":null}},"line":5},"1":{"name":"(anonymous_1)","decl":{"start":{"line":5,"column":32},"end":{"line":5,"column":55}},"loc":{"start":{"line":5,"column":118},"end":{"line":41,"column":null}},"line":5},"2":{"name":"(anonymous_2)","decl":{"start":{"line":8,"column":51},"end":{"line":8,"column":56}},"loc":{"start":{"line":8,"column":63},"end":{"line":8,"column":104}},"line":8},"3":{"name":"(anonymous_3)","decl":{"start":{"line":33,"column":41},"end":{"line":33,"column":45}},"loc":{"start":{"line":33,"column":53},"end":{"line":36,"column":18}},"line":33}},"branchMap":{"0":{"loc":{"start":{"line":7,"column":23},"end":{"line":7,"column":null}},"type":"binary-expr","locations":[{"start":{"line":7,"column":23},"end":{"line":7,"column":47}},{"start":{"line":7,"column":47},"end":{"line":7,"column":null}}],"line":7},"1":{"loc":{"start":{"line":10,"column":8},"end":{"line":24,"column":null}},"type":"if","locations":[{"start":{"line":10,"column":8},"end":{"line":24,"column":null}},{"start":{"line":20,"column":15},"end":{"line":24,"column":null}}],"line":10},"2":{"loc":{"start":{"line":17,"column":12},"end":{"line":17,"column":null}},"type":"if","locations":[{"start":{"line":17,"column":12},"end":{"line":17,"column":null}},{"start":{},"end":{}}],"line":17},"3":{"loc":{"start":{"line":18,"column":12},"end":{"line":18,"column":null}},"type":"if","locations":[{"start":{"line":18,"column":12},"end":{"line":18,"column":null}},{"start":{},"end":{}}],"line":18},"4":{"loc":{"start":{"line":19,"column":12},"end":{"line":19,"column":null}},"type":"if","locations":[{"start":{"line":19,"column":12},"end":{"line":19,"column":null}},{"start":{},"end":{}}],"line":19},"5":{"loc":{"start":{"line":28,"column":8},"end":{"line":38,"column":null}},"type":"if","locations":[{"start":{"line":28,"column":8},"end":{"line":38,"column":null}},{"start":{},"end":{}}],"line":28},"6":{"loc":{"start":{"line":29,"column":37},"end":{"line":29,"column":null}},"type":"binary-expr","locations":[{"start":{"line":29,"column":37},"end":{"line":29,"column":53}},{"start":{"line":29,"column":53},"end":{"line":29,"column":null}}],"line":29}},"s":{"0":1,"1":5,"2":0,"3":0,"4":0,"5":0,"6":0,"7":0,"8":0,"9":0,"10":0,"11":0,"12":0,"13":0,"14":0,"15":0,"16":0,"17":0,"18":0,"19":0,"20":0,"21":0,"22":0,"23":0},"f":{"0":5,"1":0,"2":0,"3":0},"b":{"0":[0,0],"1":[0,0],"2":[0,0],"3":[0,0],"4":[0,0],"5":[0,0],"6":[0,0]},"meta":{"lastBranch":7,"lastFunction":4,"lastStatement":24,"seen":{"s:5:13:41:Infinity":0,"f:5:13:5:32":0,"s:5:32:41:Infinity":1,"f:5:32:5:55":1,"s:6:4:40:Infinity":2,"s:7:23:7:Infinity":3,"b:7:23:7:47:7:47:7:Infinity":0,"s:8:32:8:Infinity":4,"f:8:51:8:56":2,"s:8:63:8:104":5,"b:10:8:24:Infinity:20:15:24:Infinity":1,"s:10:8:24:Infinity":6,"s:11:30:15:Infinity":7,"s:16:12:16:Infinity":8,"b:17:12:17:Infinity:undefined:undefined:undefined:undefined":2,"s:17:12:17:Infinity":9,"s:17:46:17:Infinity":10,"b:18:12:18:Infinity:undefined:undefined:undefined:undefined":3,"s:18:12:18:Infinity":11,"s:18:47:18:Infinity":12,"b:19:12:19:Infinity:undefined:undefined:undefined:undefined":4,"s:19:12:19:Infinity":13,"s:19:48:19:Infinity":14,"s:21:34:21:Infinity":15,"s:22:12:22:Infinity":16,"s:23:12:23:Infinity":17,"s:26:8:26:Infinity":18,"b:28:8:38:Infinity:undefined:undefined:undefined:undefined":5,"s:28:8:38:Infinity":19,"s:29:37:29:Infinity":20,"b:29:37:29:53:29:53:29:Infinity":6,"s:30:12:37:Infinity":21,"f:33:41:33:45":3,"s:33:53:36:18":22,"s:39:8:39:Infinity":23},"fnNames":{}}}
,"D:\\Projects\\base-backend\\backend-ts-starter\\src\\core\\cache\\cacheManager.ts": {"path":"D:\\Projects\\base-backend\\backend-ts-starter\\src\\core\\cache\\cacheManager.ts","statementMap":{"0":{"start":{"line":9,"column":8},"end":{"line":9,"column":null}},"1":{"start":{"line":10,"column":8},"end":{"line":10,"column":null}}},"fnMap":{"0":{"name":"handleUserUpdate","decl":{"start":{"line":8,"column":17},"end":{"line":8,"column":34}},"loc":{"start":{"line":8,"column":65},"end":{"line":11,"column":null}},"line":8}},"branchMap":{},"s":{"0":0,"1":0},"f":{"0":1},"b":{},"meta":{"lastBranch":0,"lastFunction":1,"lastStatement":2,"seen":{"f:8:17:8:34":0,"s:9:8:9:Infinity":0,"s:10:8:10:Infinity":1},"fnNames":{}}}
,"D:\\Projects\\base-backend\\backend-ts-starter\\src\\core\\cache\\redis.client.ts": {"path":"D:\\Projects\\base-backend\\backend-ts-starter\\src\\core\\cache\\redis.client.ts","statementMap":{"0":{"start":{"line":6,"column":34},"end":{"line":6,"column":null}},"1":{"start":{"line":12,"column":8},"end":{"line":14,"column":null}},"2":{"start":{"line":13,"column":12},"end":{"line":13,"column":null}},"3":{"start":{"line":16,"column":43},"end":{"line":25,"column":null}},"4":{"start":{"line":22,"column":30},"end":{"line":22,"column":null}},"5":{"start":{"line":23,"column":16},"end":{"line":23,"column":null}},"6":{"start":{"line":27,"column":33},"end":{"line":27,"column":null}},"7":{"start":{"line":29,"column":8},"end":{"line":29,"column":null}},"8":{"start":{"line":31,"column":8},"end":{"line":35,"column":null}},"9":{"start":{"line":32,"column":12},"end":{"line":32,"column":null}},"10":{"start":{"line":34,"column":12},"end":{"line":34,"column":null}},"11":{"start":{"line":37,"column":8},"end":{"line":39,"column":null}},"12":{"start":{"line":38,"column":12},"end":{"line":38,"column":null}},"13":{"start":{"line":41,"column":8},"end":{"line":43,"column":null}},"14":{"start":{"line":42,"column":12},"end":{"line":42,"column":null}},"15":{"start":{"line":45,"column":8},"end":{"line":45,"column":null}}},"fnMap":{"0":{"name":"initialize","decl":{"start":{"line":11,"column":11},"end":{"line":11,"column":31}},"loc":{"start":{"line":11,"column":31},"end":{"line":46,"column":null}},"line":11},"1":{"name":"retryStrategy","decl":{"start":{"line":21,"column":12},"end":{"line":21,"column":26}},"loc":{"start":{"line":21,"column":33},"end":{"line":24,"column":null}},"line":21},"2":{"name":"(anonymous_2)","decl":{"start":{"line":37,"column":23},"end":{"line":37,"column":40}},"loc":{"start":{"line":37,"column":40},"end":{"line":39,"column":9}},"line":37},"3":{"name":"(anonymous_3)","decl":{"start":{"line":41,"column":23},"end":{"line":41,"column":33}},"loc":{"start":{"line":41,"column":46},"end":{"line":43,"column":9}},"line":41}},"branchMap":{"0":{"loc":{"start":{"line":12,"column":8},"end":{"line":14,"column":null}},"type":"if","locations":[{"start":{"line":12,"column":8},"end":{"line":14,"column":null}},{"start":{},"end":{}}],"line":12},"1":{"loc":{"start":{"line":19,"column":16},"end":{"line":19,"column":null}},"type":"cond-expr","locations":[{"start":{"line":19,"column":37},"end":{"line":19,"column":72}},{"start":{"line":19,"column":72},"end":{"line":19,"column":null}}],"line":19},"2":{"loc":{"start":{"line":27,"column":33},"end":{"line":27,"column":null}},"type":"binary-expr","locations":[{"start":{"line":27,"column":33},"end":{"line":27,"column":50}},{"start":{"line":27,"column":50},"end":{"line":27,"column":null}}],"line":27},"3":{"loc":{"start":{"line":29,"column":57},"end":{"line":29,"column":125}},"type":"cond-expr","locations":[{"start":{"line":29,"column":73},"end":{"line":29,"column":87}},{"start":{"line":29,"column":87},"end":{"line":29,"column":125}}],"line":29},"4":{"loc":{"start":{"line":31,"column":8},"end":{"line":35,"column":null}},"type":"if","locations":[{"start":{"line":31,"column":8},"end":{"line":35,"column":null}},{"start":{"line":33,"column":15},"end":{"line":35,"column":null}}],"line":31}},"s":{"0":1,"1":0,"2":0,"3":0,"4":0,"5":0,"6":0,"7":0,"8":0,"9":0,"10":0,"11":0,"12":0,"13":0,"14":0,"15":0},"f":{"0":1,"1":0,"2":0,"3":0},"b":{"0":[0,0],"1":[0,0],"2":[0,0],"3":[0,0],"4":[0,0]},"meta":{"lastBranch":5,"lastFunction":4,"lastStatement":16,"seen":{"s:6:34:6:Infinity":0,"f:11:11:11:31":0,"b:12:8:14:Infinity:undefined:undefined:undefined:undefined":0,"s:12:8:14:Infinity":1,"s:13:12:13:Infinity":2,"s:16:43:25:Infinity":3,"b:19:37:19:72:19:72:19:Infinity":1,"f:21:12:21:26":1,"s:22:30:22:Infinity":4,"s:23:16:23:Infinity":5,"s:27:33:27:Infinity":6,"b:27:33:27:50:27:50:27:Infinity":2,"s:29:8:29:Infinity":7,"b:29:73:29:87:29:87:29:125":3,"b:31:8:35:Infinity:33:15:35:Infinity":4,"s:31:8:35:Infinity":8,"s:32:12:32:Infinity":9,"s:34:12:34:Infinity":10,"s:37:8:39:Infinity":11,"f:37:23:37:40":2,"s:38:12:38:Infinity":12,"s:41:8:43:Infinity":13,"f:41:23:41:33":3,"s:42:12:42:Infinity":14,"s:45:8:45:Infinity":15},"fnNames":{}}}
,"D:\\Projects\\base-backend\\backend-ts-starter\\src\\core\\cache\\userCache.ts": {"path":"D:\\Projects\\base-backend\\backend-ts-starter\\src\\core\\cache\\userCache.ts","statementMap":{"0":{"start":{"line":6,"column":21},"end":{"line":6,"column":null}},"1":{"start":{"line":7,"column":12},"end":{"line":7,"column":null}},"2":{"start":{"line":25,"column":20},"end":{"line":25,"column":null}},"3":{"start":{"line":26,"column":22},"end":{"line":26,"column":null}},"4":{"start":{"line":28,"column":8},"end":{"line":42,"column":null}},"5":{"start":{"line":29,"column":12},"end":{"line":41,"column":null}},"6":{"start":{"line":44,"column":8},"end":{"line":93,"column":null}},"7":{"start":{"line":46,"column":27},"end":{"line":46,"column":null}},"8":{"start":{"line":47,"column":12},"end":{"line":50,"column":null}},"9":{"start":{"line":48,"column":16},"end":{"line":48,"column":null}},"10":{"start":{"line":49,"column":16},"end":{"line":49,"column":null}},"11":{"start":{"line":53,"column":12},"end":{"line":53,"column":null}},"12":{"start":{"line":54,"column":25},"end":{"line":66,"column":null}},"13":{"start":{"line":68,"column":12},"end":{"line":73,"column":null}},"14":{"start":{"line":70,"column":16},"end":{"line":72,"column":null}},"15":{"start":{"line":71,"column":20},"end":{"line":71,"column":null}},"16":{"start":{"line":75,"column":12},"end":{"line":75,"column":null}},"17":{"start":{"line":78,"column":12},"end":{"line":78,"column":null}},"18":{"start":{"line":80,"column":12},"end":{"line":92,"column":null}},"19":{"start":{"line":100,"column":20},"end":{"line":100,"column":null}},"20":{"start":{"line":101,"column":22},"end":{"line":101,"column":null}},"21":{"start":{"line":102,"column":8},"end":{"line":102,"column":null}},"22":{"start":{"line":102,"column":20},"end":{"line":102,"column":null}},"23":{"start":{"line":104,"column":8},"end":{"line":109,"column":null}},"24":{"start":{"line":105,"column":12},"end":{"line":105,"column":null}},"25":{"start":{"line":106,"column":12},"end":{"line":106,"column":null}},"26":{"start":{"line":108,"column":12},"end":{"line":108,"column":null}},"27":{"start":{"line":116,"column":8},"end":{"line":116,"column":null}},"28":{"start":{"line":117,"column":22},"end":{"line":117,"column":null}},"29":{"start":{"line":118,"column":8},"end":{"line":121,"column":null}},"30":{"start":{"line":119,"column":12},"end":{"line":119,"column":null}},"31":{"start":{"line":120,"column":12},"end":{"line":120,"column":null}},"32":{"start":{"line":123,"column":8},"end":{"line":150,"column":null}},"33":{"start":{"line":124,"column":26},"end":{"line":137,"column":null}},"34":{"start":{"line":139,"column":24},"end":{"line":139,"column":null}},"35":{"start":{"line":141,"column":12},"end":{"line":145,"column":null}},"36":{"start":{"line":142,"column":28},"end":{"line":142,"column":null}},"37":{"start":{"line":143,"column":16},"end":{"line":143,"column":null}},"38":{"start":{"line":144,"column":16},"end":{"line":144,"column":null}},"39":{"start":{"line":147,"column":12},"end":{"line":147,"column":null}},"40":{"start":{"line":149,"column":12},"end":{"line":149,"column":null}}},"fnMap":{"0":{"name":"get","decl":{"start":{"line":24,"column":17},"end":{"line":24,"column":21}},"loc":{"start":{"line":24,"column":65},"end":{"line":94,"column":null}},"line":24},"1":{"name":"(anonymous_1)","decl":{"start":{"line":70,"column":64},"end":{"line":70,"column":71}},"loc":{"start":{"line":70,"column":84},"end":{"line":72,"column":17}},"line":70},"2":{"name":"invalidate","decl":{"start":{"line":99,"column":17},"end":{"line":99,"column":28}},"loc":{"start":{"line":99,"column":59},"end":{"line":110,"column":null}},"line":99},"3":{"name":"warmUp","decl":{"start":{"line":115,"column":17},"end":{"line":115,"column":41}},"loc":{"start":{"line":115,"column":41},"end":{"line":151,"column":null}},"line":115}},"branchMap":{"0":{"loc":{"start":{"line":28,"column":8},"end":{"line":42,"column":null}},"type":"if","locations":[{"start":{"line":28,"column":8},"end":{"line":42,"column":null}},{"start":{},"end":{}}],"line":28},"1":{"loc":{"start":{"line":47,"column":12},"end":{"line":50,"column":null}},"type":"if","locations":[{"start":{"line":47,"column":12},"end":{"line":50,"column":null}},{"start":{},"end":{}}],"line":47},"2":{"loc":{"start":{"line":68,"column":12},"end":{"line":73,"column":null}},"type":"if","locations":[{"start":{"line":68,"column":12},"end":{"line":73,"column":null}},{"start":{},"end":{}}],"line":68},"3":{"loc":{"start":{"line":102,"column":8},"end":{"line":102,"column":null}},"type":"if","locations":[{"start":{"line":102,"column":8},"end":{"line":102,"column":null}},{"start":{},"end":{}}],"line":102},"4":{"loc":{"start":{"line":118,"column":8},"end":{"line":121,"column":null}},"type":"if","locations":[{"start":{"line":118,"column":8},"end":{"line":121,"column":null}},{"start":{},"end":{}}],"line":118}},"s":{"0":1,"1":1,"2":0,"3":0,"4":0,"5":0,"6":0,"7":0,"8":0,"9":0,"10":0,"11":0,"12":0,"13":0,"14":0,"15":0,"16":0,"17":0,"18":0,"19":0,"20":0,"21":0,"22":0,"23":0,"24":0,"25":0,"26":0,"27":0,"28":0,"29":0,"30":0,"31":0,"32":0,"33":0,"34":0,"35":0,"36":0,"37":0,"38":0,"39":0,"40":0},"f":{"0":1,"1":0,"2":1,"3":1},"b":{"0":[0,0],"1":[0,0],"2":[0,0],"3":[0,0],"4":[0,0]},"meta":{"lastBranch":5,"lastFunction":4,"lastStatement":41,"seen":{"s:6:21:6:Infinity":0,"s:7:12:7:Infinity":1,"f:24:17:24:21":0,"s:25:20:25:Infinity":2,"s:26:22:26:Infinity":3,"b:28:8:42:Infinity:undefined:undefined:undefined:undefined":0,"s:28:8:42:Infinity":4,"s:29:12:41:Infinity":5,"s:44:8:93:Infinity":6,"s:46:27:46:Infinity":7,"b:47:12:50:Infinity:undefined:undefined:undefined:undefined":1,"s:47:12:50:Infinity":8,"s:48:16:48:Infinity":9,"s:49:16:49:Infinity":10,"s:53:12:53:Infinity":11,"s:54:25:66:Infinity":12,"b:68:12:73:Infinity:undefined:undefined:undefined:undefined":2,"s:68:12:73:Infinity":13,"s:70:16:72:Infinity":14,"f:70:64:70:71":1,"s:71:20:71:Infinity":15,"s:75:12:75:Infinity":16,"s:78:12:78:Infinity":17,"s:80:12:92:Infinity":18,"f:99:17:99:28":2,"s:100:20:100:Infinity":19,"s:101:22:101:Infinity":20,"b:102:8:102:Infinity:undefined:undefined:undefined:undefined":3,"s:102:8:102:Infinity":21,"s:102:20:102:Infinity":22,"s:104:8:109:Infinity":23,"s:105:12:105:Infinity":24,"s:106:12:106:Infinity":25,"s:108:12:108:Infinity":26,"f:115:17:115:41":3,"s:116:8:116:Infinity":27,"s:117:22:117:Infinity":28,"b:118:8:121:Infinity:undefined:undefined:undefined:undefined":4,"s:118:8:121:Infinity":29,"s:119:12:119:Infinity":30,"s:120:12:120:Infinity":31,"s:123:8:150:Infinity":32,"s:124:26:137:Infinity":33,"s:139:24:139:Infinity":34,"s:141:12:145:Infinity":35,"s:142:28:142:Infinity":36,"s:143:16:143:Infinity":37,"s:144:16:144:Infinity":38,"s:147:12:147:Infinity":39,"s:149:12:149:Infinity":40},"fnNames":{}}}
,"D:\\Projects\\base-backend\\backend-ts-starter\\src\\core\\config\\db.wrapper.ts": {"path":"D:\\Projects\\base-backend\\backend-ts-starter\\src\\core\\config\\db.wrapper.ts","statementMap":{"0":{"start":{"line":6,"column":15},"end":{"line":13,"column":null}},"1":{"start":{"line":16,"column":0},"end":{"line":25,"column":null}},"2":{"start":{"line":17,"column":21},"end":{"line":17,"column":null}},"3":{"start":{"line":19,"column":4},"end":{"line":24,"column":null}},"4":{"start":{"line":20,"column":8},"end":{"line":23,"column":null}},"5":{"start":{"line":27,"column":0},"end":{"line":29,"column":null}},"6":{"start":{"line":28,"column":4},"end":{"line":28,"column":null}},"7":{"start":{"line":48,"column":24},"end":{"line":48,"column":null}},"8":{"start":{"line":49,"column":25},"end":{"line":49,"column":null}},"9":{"start":{"line":50,"column":22},"end":{"line":50,"column":null}},"10":{"start":{"line":52,"column":8},"end":{"line":97,"column":null}},"11":{"start":{"line":53,"column":12},"end":{"line":53,"column":null}},"12":{"start":{"line":54,"column":26},"end":{"line":54,"column":null}},"13":{"start":{"line":56,"column":12},"end":{"line":96,"column":null}},"14":{"start":{"line":57,"column":31},"end":{"line":57,"column":null}},"15":{"start":{"line":58,"column":33},"end":{"line":58,"column":null}},"16":{"start":{"line":61,"column":16},"end":{"line":66,"column":null}},"17":{"start":{"line":68,"column":16},"end":{"line":68,"column":null}},"18":{"start":{"line":71,"column":33},"end":{"line":71,"column":null}},"19":{"start":{"line":74,"column":16},"end":{"line":80,"column":null}},"20":{"start":{"line":83,"column":47},"end":{"line":83,"column":null}},"21":{"start":{"line":85,"column":16},"end":{"line":92,"column":null}},"22":{"start":{"line":86,"column":34},"end":{"line":86,"column":null}},"23":{"start":{"line":87,"column":20},"end":{"line":89,"column":null}},"24":{"start":{"line":90,"column":20},"end":{"line":90,"column":null}},"25":{"start":{"line":90,"column":49},"end":{"line":90,"column":75}},"26":{"start":{"line":91,"column":20},"end":{"line":91,"column":null}},"27":{"start":{"line":95,"column":16},"end":{"line":95,"column":null}},"28":{"start":{"line":98,"column":8},"end":{"line":98,"column":null}},"29":{"start":{"line":105,"column":8},"end":{"line":105,"column":null}},"30":{"start":{"line":108,"column":8},"end":{"line":113,"column":null}},"31":{"start":{"line":109,"column":27},"end":{"line":109,"column":null}},"32":{"start":{"line":110,"column":29},"end":{"line":110,"column":null}},"33":{"start":{"line":111,"column":12},"end":{"line":111,"column":null}},"34":{"start":{"line":112,"column":12},"end":{"line":112,"column":null}},"35":{"start":{"line":116,"column":8},"end":{"line":120,"column":null}},"36":{"start":{"line":117,"column":29},"end":{"line":117,"column":null}},"37":{"start":{"line":118,"column":12},"end":{"line":118,"column":null}},"38":{"start":{"line":119,"column":12},"end":{"line":119,"column":null}},"39":{"start":{"line":123,"column":8},"end":{"line":127,"column":null}},"40":{"start":{"line":124,"column":29},"end":{"line":124,"column":null}},"41":{"start":{"line":125,"column":12},"end":{"line":125,"column":null}},"42":{"start":{"line":126,"column":12},"end":{"line":126,"column":null}},"43":{"start":{"line":130,"column":25},"end":{"line":130,"column":null}},"44":{"start":{"line":131,"column":8},"end":{"line":131,"column":null}},"45":{"start":{"line":132,"column":8},"end":{"line":132,"column":null}},"46":{"start":{"line":143,"column":22},"end":{"line":143,"column":null}},"47":{"start":{"line":145,"column":8},"end":{"line":158,"column":null}},"48":{"start":{"line":146,"column":27},"end":{"line":148,"column":null}},"49":{"start":{"line":147,"column":16},"end":{"line":147,"column":null}},"50":{"start":{"line":150,"column":29},"end":{"line":150,"column":null}},"51":{"start":{"line":151,"column":12},"end":{"line":151,"column":null}},"52":{"start":{"line":152,"column":12},"end":{"line":152,"column":null}},"53":{"start":{"line":155,"column":29},"end":{"line":155,"column":null}},"54":{"start":{"line":156,"column":12},"end":{"line":156,"column":null}},"55":{"start":{"line":157,"column":12},"end":{"line":157,"column":null}}},"fnMap":{"0":{"name":"(anonymous_0)","decl":{"start":{"line":16,"column":11},"end":{"line":16,"column":28}},"loc":{"start":{"line":16,"column":39},"end":{"line":25,"column":1}},"line":16},"1":{"name":"(anonymous_1)","decl":{"start":{"line":27,"column":11},"end":{"line":27,"column":28}},"loc":{"start":{"line":27,"column":39},"end":{"line":29,"column":1}},"line":27},"2":{"name":"execute","decl":{"start":{"line":43,"column":17},"end":{"line":43,"column":null}},"loc":{"start":{"line":47,"column":18},"end":{"line":99,"column":null}},"line":47},"3":{"name":"(anonymous_3)","decl":{"start":{"line":90,"column":30},"end":{"line":90,"column":38}},"loc":{"start":{"line":90,"column":49},"end":{"line":90,"column":75}},"line":90},"4":{"name":"handleDBError","decl":{"start":{"line":104,"column":11},"end":{"line":104,"column":25}},"loc":{"start":{"line":104,"column":67},"end":{"line":133,"column":null}},"line":104},"5":{"name":"transaction","decl":{"start":{"line":138,"column":17},"end":{"line":138,"column":null}},"loc":{"start":{"line":142,"column":18},"end":{"line":159,"column":null}},"line":142},"6":{"name":"(anonymous_6)","decl":{"start":{"line":146,"column":53},"end":{"line":146,"column":60}},"loc":{"start":{"line":146,"column":67},"end":{"line":148,"column":15}},"line":146}},"branchMap":{"0":{"loc":{"start":{"line":19,"column":4},"end":{"line":24,"column":null}},"type":"if","locations":[{"start":{"line":19,"column":4},"end":{"line":24,"column":null}},{"start":{},"end":{}}],"line":19},"1":{"loc":{"start":{"line":46,"column":8},"end":{"line":46,"column":null}},"type":"default-arg","locations":[{"start":{"line":46,"column":36},"end":{"line":46,"column":null}}],"line":46},"2":{"loc":{"start":{"line":48,"column":24},"end":{"line":48,"column":null}},"type":"cond-expr","locations":[{"start":{"line":48,"column":56},"end":{"line":48,"column":74}},{"start":{"line":48,"column":74},"end":{"line":48,"column":null}}],"line":48},"3":{"loc":{"start":{"line":49,"column":25},"end":{"line":49,"column":null}},"type":"binary-expr","locations":[{"start":{"line":49,"column":25},"end":{"line":49,"column":39}},{"start":{"line":49,"column":39},"end":{"line":49,"column":null}}],"line":49},"4":{"loc":{"start":{"line":79,"column":31},"end":{"line":79,"column":null}},"type":"binary-expr","locations":[{"start":{"line":79,"column":31},"end":{"line":79,"column":45}},{"start":{"line":79,"column":45},"end":{"line":79,"column":null}}],"line":79},"5":{"loc":{"start":{"line":83,"column":47},"end":{"line":83,"column":null}},"type":"binary-expr","locations":[{"start":{"line":83,"column":47},"end":{"line":83,"column":73}},{"start":{"line":83,"column":73},"end":{"line":83,"column":112}},{"start":{"line":83,"column":112},"end":{"line":83,"column":null}}],"line":83},"6":{"loc":{"start":{"line":85,"column":16},"end":{"line":92,"column":null}},"type":"if","locations":[{"start":{"line":85,"column":16},"end":{"line":92,"column":null}},{"start":{},"end":{}}],"line":85},"7":{"loc":{"start":{"line":85,"column":20},"end":{"line":85,"column":65}},"type":"binary-expr","locations":[{"start":{"line":85,"column":20},"end":{"line":85,"column":46}},{"start":{"line":85,"column":46},"end":{"line":85,"column":65}}],"line":85},"8":{"loc":{"start":{"line":108,"column":8},"end":{"line":113,"column":null}},"type":"if","locations":[{"start":{"line":108,"column":8},"end":{"line":113,"column":null}},{"start":{},"end":{}}],"line":108},"9":{"loc":{"start":{"line":109,"column":27},"end":{"line":109,"column":null}},"type":"binary-expr","locations":[{"start":{"line":109,"column":27},"end":{"line":109,"column":49}},{"start":{"line":109,"column":49},"end":{"line":109,"column":null}}],"line":109},"10":{"loc":{"start":{"line":116,"column":8},"end":{"line":120,"column":null}},"type":"if","locations":[{"start":{"line":116,"column":8},"end":{"line":120,"column":null}},{"start":{},"end":{}}],"line":116},"11":{"loc":{"start":{"line":123,"column":8},"end":{"line":127,"column":null}},"type":"if","locations":[{"start":{"line":123,"column":8},"end":{"line":127,"column":null}},{"start":{},"end":{}}],"line":123},"12":{"loc":{"start":{"line":124,"column":106},"end":{"line":124,"column":147}},"type":"binary-expr","locations":[{"start":{"line":124,"column":106},"end":{"line":124,"column":132}},{"start":{"line":124,"column":132},"end":{"line":124,"column":147}}],"line":124},"13":{"loc":{"start":{"line":130,"column":35},"end":{"line":130,"column":116}},"type":"cond-expr","locations":[{"start":{"line":130,"column":54},"end":{"line":130,"column":70}},{"start":{"line":130,"column":70},"end":{"line":130,"column":116}}],"line":130},"14":{"loc":{"start":{"line":131,"column":39},"end":{"line":131,"column":null}},"type":"binary-expr","locations":[{"start":{"line":131,"column":39},"end":{"line":131,"column":59}},{"start":{"line":131,"column":59},"end":{"line":131,"column":null}}],"line":131}},"s":{"0":2,"1":2,"2":0,"3":0,"4":0,"5":2,"6":0,"7":6,"8":6,"9":6,"10":6,"11":6,"12":6,"13":6,"14":6,"15":6,"16":6,"17":6,"18":0,"19":0,"20":0,"21":0,"22":0,"23":0,"24":0,"25":0,"26":0,"27":0,"28":0,"29":0,"30":0,"31":0,"32":0,"33":0,"34":0,"35":0,"36":0,"37":0,"38":0,"39":0,"40":0,"41":0,"42":0,"43":0,"44":0,"45":0,"46":0,"47":0,"48":0,"49":0,"50":0,"51":0,"52":0,"53":0,"54":0,"55":0},"f":{"0":0,"1":0,"2":2,"3":0,"4":2,"5":2,"6":0},"b":{"0":[0,0],"1":[6],"2":[0,6],"3":[6,6],"4":[0,0],"5":[0,0,0],"6":[0,0],"7":[0,0],"8":[0,0],"9":[0,0],"10":[0,0],"11":[0,0],"12":[0,0],"13":[0,0],"14":[0,0]},"meta":{"lastBranch":15,"lastFunction":7,"lastStatement":56,"seen":{"s:6:15:13:Infinity":0,"s:16:0:25:Infinity":1,"f:16:11:16:28":0,"s:17:21:17:Infinity":2,"b:19:4:24:Infinity:undefined:undefined:undefined:undefined":0,"s:19:4:24:Infinity":3,"s:20:8:23:Infinity":4,"s:27:0:29:Infinity":5,"f:27:11:27:28":1,"s:28:4:28:Infinity":6,"f:43:17:43:Infinity":2,"b:46:36:46:Infinity":1,"s:48:24:48:Infinity":7,"b:48:56:48:74:48:74:48:Infinity":2,"s:49:25:49:Infinity":8,"b:49:25:49:39:49:39:49:Infinity":3,"s:50:22:50:Infinity":9,"s:52:8:97:Infinity":10,"s:53:12:53:Infinity":11,"s:54:26:54:Infinity":12,"s:56:12:96:Infinity":13,"s:57:31:57:Infinity":14,"s:58:33:58:Infinity":15,"s:61:16:66:Infinity":16,"s:68:16:68:Infinity":17,"s:71:33:71:Infinity":18,"s:74:16:80:Infinity":19,"b:79:31:79:45:79:45:79:Infinity":4,"s:83:47:83:Infinity":20,"b:83:47:83:73:83:73:83:112:83:112:83:Infinity":5,"b:85:16:92:Infinity:undefined:undefined:undefined:undefined":6,"s:85:16:92:Infinity":21,"b:85:20:85:46:85:46:85:65":7,"s:86:34:86:Infinity":22,"s:87:20:89:Infinity":23,"s:90:20:90:Infinity":24,"f:90:30:90:38":3,"s:90:49:90:75":25,"s:91:20:91:Infinity":26,"s:95:16:95:Infinity":27,"s:98:8:98:Infinity":28,"f:104:11:104:25":4,"s:105:8:105:Infinity":29,"b:108:8:113:Infinity:undefined:undefined:undefined:undefined":8,"s:108:8:113:Infinity":30,"s:109:27:109:Infinity":31,"b:109:27:109:49:109:49:109:Infinity":9,"s:110:29:110:Infinity":32,"s:111:12:111:Infinity":33,"s:112:12:112:Infinity":34,"b:116:8:120:Infinity:undefined:undefined:undefined:undefined":10,"s:116:8:120:Infinity":35,"s:117:29:117:Infinity":36,"s:118:12:118:Infinity":37,"s:119:12:119:Infinity":38,"b:123:8:127:Infinity:undefined:undefined:undefined:undefined":11,"s:123:8:127:Infinity":39,"s:124:29:124:Infinity":40,"b:124:106:124:132:124:132:124:147":12,"s:125:12:125:Infinity":41,"s:126:12:126:Infinity":42,"s:130:25:130:Infinity":43,"b:130:54:130:70:130:70:130:116":13,"s:131:8:131:Infinity":44,"b:131:39:131:59:131:59:131:Infinity":14,"s:132:8:132:Infinity":45,"f:138:17:138:Infinity":5,"s:143:22:143:Infinity":46,"s:145:8:158:Infinity":47,"s:146:27:148:Infinity":48,"f:146:53:146:60":6,"s:147:16:147:Infinity":49,"s:150:29:150:Infinity":50,"s:151:12:151:Infinity":51,"s:152:12:152:Infinity":52,"s:155:29:155:Infinity":53,"s:156:12:156:Infinity":54,"s:157:12:157:Infinity":55},"fnNames":{}}}
,"D:\\Projects\\base-backend\\backend-ts-starter\\src\\core\\config\\env.ts": {"path":"D:\\Projects\\base-backend\\backend-ts-starter\\src\\core\\config\\env.ts","statementMap":{"0":{"start":{"line":5,"column":0},"end":{"line":5,"column":null}},"1":{"start":{"line":7,"column":6},"end":{"line":9,"column":null}},"2":{"start":{"line":8,"column":2},"end":{"line":8,"column":null}},"3":{"start":{"line":8,"column":52},"end":{"line":8,"column":75}},"4":{"start":{"line":11,"column":18},"end":{"line":60,"column":null}},"5":{"start":{"line":16,"column":58},"end":{"line":16,"column":83}},"6":{"start":{"line":22,"column":41},"end":{"line":22,"column":82}},"7":{"start":{"line":64,"column":13},"end":{"line":64,"column":null}},"8":{"start":{"line":66,"column":0},"end":{"line":69,"column":null}},"9":{"start":{"line":67,"column":2},"end":{"line":67,"column":null}},"10":{"start":{"line":68,"column":2},"end":{"line":68,"column":null}},"11":{"start":{"line":71,"column":28},"end":{"line":71,"column":null}}},"fnMap":{"0":{"name":"(anonymous_0)","decl":{"start":{"line":7,"column":6},"end":{"line":7,"column":27}},"loc":{"start":{"line":7,"column":53},"end":{"line":9,"column":null}},"line":7},"1":{"name":"(anonymous_1)","decl":{"start":{"line":8,"column":23},"end":{"line":8,"column":40}},"loc":{"start":{"line":8,"column":52},"end":{"line":8,"column":75}},"line":8},"2":{"name":"(anonymous_2)","decl":{"start":{"line":16,"column":41},"end":{"line":16,"column":51}},"loc":{"start":{"line":16,"column":58},"end":{"line":16,"column":83}},"line":16},"3":{"name":"(anonymous_3)","decl":{"start":{"line":22,"column":24},"end":{"line":22,"column":34}},"loc":{"start":{"line":22,"column":41},"end":{"line":22,"column":82}},"line":22}},"branchMap":{"0":{"loc":{"start":{"line":8,"column":52},"end":{"line":8,"column":75}},"type":"binary-expr","locations":[{"start":{"line":8,"column":52},"end":{"line":8,"column":73}},{"start":{"line":8,"column":73},"end":{"line":8,"column":75}}],"line":8},"1":{"loc":{"start":{"line":16,"column":58},"end":{"line":16,"column":83}},"type":"cond-expr","locations":[{"start":{"line":16,"column":64},"end":{"line":16,"column":81}},{"start":{"line":16,"column":81},"end":{"line":16,"column":83}}],"line":16},"2":{"loc":{"start":{"line":22,"column":41},"end":{"line":22,"column":82}},"type":"cond-expr","locations":[{"start":{"line":22,"column":47},"end":{"line":22,"column":79}},{"start":{"line":22,"column":79},"end":{"line":22,"column":82}}],"line":22},"3":{"loc":{"start":{"line":66,"column":0},"end":{"line":69,"column":null}},"type":"if","locations":[{"start":{"line":66,"column":0},"end":{"line":69,"column":null}},{"start":{},"end":{}}],"line":66}},"s":{"0":2,"1":2,"2":2,"3":0,"4":2,"5":2,"6":2,"7":2,"8":2,"9":0,"10":0,"11":2},"f":{"0":2,"1":0,"2":2,"3":2},"b":{"0":[0,0],"1":[2,0],"2":[2,0],"3":[0,2]},"meta":{"lastBranch":4,"lastFunction":4,"lastStatement":12,"seen":{"s:5:0:5:Infinity":0,"s:7:6:9:Infinity":1,"f:7:6:7:27":0,"s:8:2:8:Infinity":2,"f:8:23:8:40":1,"s:8:52:8:75":3,"b:8:52:8:73:8:73:8:75":0,"s:11:18:60:Infinity":4,"f:16:41:16:51":2,"s:16:58:16:83":5,"b:16:64:16:81:16:81:16:83":1,"f:22:24:22:34":3,"s:22:41:22:82":6,"b:22:47:22:79:22:79:22:82":2,"s:64:13:64:Infinity":7,"b:66:0:69:Infinity:undefined:undefined:undefined:undefined":3,"s:66:0:69:Infinity":8,"s:67:2:67:Infinity":9,"s:68:2:68:Infinity":10,"s:71:28:71:Infinity":11},"fnNames":{}}}
,"D:\\Projects\\base-backend\\backend-ts-starter\\src\\core\\email\\email.service.ts": {"path":"D:\\Projects\\base-backend\\backend-ts-starter\\src\\core\\email\\email.service.ts","statementMap":{"0":{"start":{"line":13,"column":45},"end":{"line":13,"column":null}},"1":{"start":{"line":19,"column":8},"end":{"line":21,"column":null}},"2":{"start":{"line":20,"column":12},"end":{"line":20,"column":null}},"3":{"start":{"line":23,"column":23},"end":{"line":23,"column":null}},"4":{"start":{"line":24,"column":30},"end":{"line":24,"column":null}},"5":{"start":{"line":26,"column":8},"end":{"line":43,"column":null}},"6":{"start":{"line":27,"column":12},"end":{"line":27,"column":null}},"7":{"start":{"line":28,"column":12},"end":{"line":36,"column":null}},"8":{"start":{"line":38,"column":12},"end":{"line":42,"column":null}},"9":{"start":{"line":39,"column":16},"end":{"line":39,"column":null}},"10":{"start":{"line":41,"column":16},"end":{"line":41,"column":null}},"11":{"start":{"line":45,"column":8},"end":{"line":45,"column":null}},"12":{"start":{"line":52,"column":28},"end":{"line":58,"column":null}},"13":{"start":{"line":60,"column":28},"end":{"line":60,"column":null}},"14":{"start":{"line":62,"column":8},"end":{"line":83,"column":null}},"15":{"start":{"line":63,"column":12},"end":{"line":70,"column":null}},"16":{"start":{"line":64,"column":29},"end":{"line":64,"column":null}},"17":{"start":{"line":65,"column":16},"end":{"line":65,"column":null}},"18":{"start":{"line":66,"column":16},"end":{"line":66,"column":null}},"19":{"start":{"line":68,"column":16},"end":{"line":68,"column":null}},"20":{"start":{"line":69,"column":16},"end":{"line":69,"column":null}},"21":{"start":{"line":73,"column":12},"end":{"line":73,"column":null}},"22":{"start":{"line":74,"column":12},"end":{"line":74,"column":null}},"23":{"start":{"line":75,"column":12},"end":{"line":75,"column":null}},"24":{"start":{"line":76,"column":12},"end":{"line":76,"column":null}},"25":{"start":{"line":77,"column":12},"end":{"line":77,"column":null}},"26":{"start":{"line":78,"column":12},"end":{"line":78,"column":null}},"27":{"start":{"line":78,"column":34},"end":{"line":78,"column":null}},"28":{"start":{"line":79,"column":12},"end":{"line":79,"column":null}},"29":{"start":{"line":79,"column":34},"end":{"line":79,"column":null}},"30":{"start":{"line":80,"column":12},"end":{"line":80,"column":null}},"31":{"start":{"line":82,"column":12},"end":{"line":82,"column":null}}},"fnMap":{"0":{"name":"getTransporter","decl":{"start":{"line":18,"column":11},"end":{"line":18,"column":48}},"loc":{"start":{"line":18,"column":48},"end":{"line":46,"column":null}},"line":18},"1":{"name":"sendEmail","decl":{"start":{"line":51,"column":17},"end":{"line":51,"column":27}},"loc":{"start":{"line":51,"column":88},"end":{"line":84,"column":null}},"line":51}},"branchMap":{"0":{"loc":{"start":{"line":19,"column":8},"end":{"line":21,"column":null}},"type":"if","locations":[{"start":{"line":19,"column":8},"end":{"line":21,"column":null}},{"start":{},"end":{}}],"line":19},"1":{"loc":{"start":{"line":24,"column":30},"end":{"line":24,"column":null}},"type":"binary-expr","locations":[{"start":{"line":24,"column":30},"end":{"line":24,"column":47}},{"start":{"line":24,"column":47},"end":{"line":24,"column":64}},{"start":{"line":24,"column":64},"end":{"line":24,"column":null}}],"line":24},"2":{"loc":{"start":{"line":26,"column":8},"end":{"line":43,"column":null}},"type":"if","locations":[{"start":{"line":26,"column":8},"end":{"line":43,"column":null}},{"start":{"line":37,"column":15},"end":{"line":43,"column":null}}],"line":26},"3":{"loc":{"start":{"line":30,"column":22},"end":{"line":30,"column":null}},"type":"binary-expr","locations":[{"start":{"line":30,"column":22},"end":{"line":30,"column":39}},{"start":{"line":30,"column":39},"end":{"line":30,"column":null}}],"line":30},"4":{"loc":{"start":{"line":38,"column":12},"end":{"line":42,"column":null}},"type":"if","locations":[{"start":{"line":38,"column":12},"end":{"line":42,"column":null}},{"start":{"line":40,"column":19},"end":{"line":42,"column":null}}],"line":38},"5":{"loc":{"start":{"line":62,"column":8},"end":{"line":83,"column":null}},"type":"if","locations":[{"start":{"line":62,"column":8},"end":{"line":83,"column":null}},{"start":{"line":71,"column":15},"end":{"line":83,"column":null}}],"line":62},"6":{"loc":{"start":{"line":78,"column":12},"end":{"line":78,"column":null}},"type":"if","locations":[{"start":{"line":78,"column":12},"end":{"line":78,"column":null}},{"start":{},"end":{}}],"line":78},"7":{"loc":{"start":{"line":79,"column":12},"end":{"line":79,"column":null}},"type":"if","locations":[{"start":{"line":79,"column":12},"end":{"line":79,"column":null}},{"start":{},"end":{}}],"line":79}},"s":{"0":1,"1":0,"2":0,"3":0,"4":0,"5":0,"6":0,"7":0,"8":0,"9":0,"10":0,"11":0,"12":0,"13":0,"14":0,"15":0,"16":0,"17":0,"18":0,"19":0,"20":0,"21":0,"22":0,"23":0,"24":0,"25":0,"26":0,"27":0,"28":0,"29":0,"30":0,"31":0},"f":{"0":1,"1":1},"b":{"0":[0,0],"1":[0,0,0],"2":[0,0],"3":[0,0],"4":[0,0],"5":[0,0],"6":[0,0],"7":[0,0]},"meta":{"lastBranch":8,"lastFunction":2,"lastStatement":32,"seen":{"s:13:45:13:Infinity":0,"f:18:11:18:48":0,"b:19:8:21:Infinity:undefined:undefined:undefined:undefined":0,"s:19:8:21:Infinity":1,"s:20:12:20:Infinity":2,"s:23:23:23:Infinity":3,"s:24:30:24:Infinity":4,"b:24:30:24:47:24:47:24:64:24:64:24:Infinity":1,"b:26:8:43:Infinity:37:15:43:Infinity":2,"s:26:8:43:Infinity":5,"s:27:12:27:Infinity":6,"s:28:12:36:Infinity":7,"b:30:22:30:39:30:39:30:Infinity":3,"b:38:12:42:Infinity:40:19:42:Infinity":4,"s:38:12:42:Infinity":8,"s:39:16:39:Infinity":9,"s:41:16:41:Infinity":10,"s:45:8:45:Infinity":11,"f:51:17:51:27":1,"s:52:28:58:Infinity":12,"s:60:28:60:Infinity":13,"b:62:8:83:Infinity:71:15:83:Infinity":5,"s:62:8:83:Infinity":14,"s:63:12:70:Infinity":15,"s:64:29:64:Infinity":16,"s:65:16:65:Infinity":17,"s:66:16:66:Infinity":18,"s:68:16:68:Infinity":19,"s:69:16:69:Infinity":20,"s:73:12:73:Infinity":21,"s:74:12:74:Infinity":22,"s:75:12:75:Infinity":23,"s:76:12:76:Infinity":24,"s:77:12:77:Infinity":25,"b:78:12:78:Infinity:undefined:undefined:undefined:undefined":6,"s:78:12:78:Infinity":26,"s:78:34:78:Infinity":27,"b:79:12:79:Infinity:undefined:undefined:undefined:undefined":7,"s:79:12:79:Infinity":28,"s:79:34:79:Infinity":29,"s:80:12:80:Infinity":30,"s:82:12:82:Infinity":31},"fnNames":{}}}
,"D:\\Projects\\base-backend\\backend-ts-starter\\src\\core\\events\\dualModeEventBus.ts": {"path":"D:\\Projects\\base-backend\\backend-ts-starter\\src\\core\\events\\dualModeEventBus.ts","statementMap":{"0":{"start":{"line":8,"column":23},"end":{"line":8,"column":null}},"1":{"start":{"line":9,"column":29},"end":{"line":9,"column":null}},"2":{"start":{"line":10,"column":52},"end":{"line":10,"column":null}},"3":{"start":{"line":11,"column":29},"end":{"line":11,"column":null}},"4":{"start":{"line":17,"column":8},"end":{"line":36,"column":null}},"5":{"start":{"line":18,"column":12},"end":{"line":18,"column":null}},"6":{"start":{"line":20,"column":12},"end":{"line":32,"column":null}},"7":{"start":{"line":21,"column":34},"end":{"line":21,"column":null}},"8":{"start":{"line":22,"column":16},"end":{"line":28,"column":null}},"9":{"start":{"line":23,"column":20},"end":{"line":23,"column":null}},"10":{"start":{"line":24,"column":20},"end":{"line":24,"column":null}},"11":{"start":{"line":26,"column":20},"end":{"line":26,"column":null}},"12":{"start":{"line":27,"column":20},"end":{"line":27,"column":null}},"13":{"start":{"line":30,"column":16},"end":{"line":30,"column":null}},"14":{"start":{"line":31,"column":16},"end":{"line":31,"column":null}},"15":{"start":{"line":34,"column":12},"end":{"line":34,"column":null}},"16":{"start":{"line":35,"column":12},"end":{"line":35,"column":null}},"17":{"start":{"line":43,"column":19},"end":{"line":43,"column":null}},"18":{"start":{"line":44,"column":8},"end":{"line":76,"column":null}},"19":{"start":{"line":45,"column":30},"end":{"line":45,"column":null}},"20":{"start":{"line":48,"column":12},"end":{"line":48,"column":null}},"21":{"start":{"line":51,"column":12},"end":{"line":54,"column":null}},"22":{"start":{"line":57,"column":12},"end":{"line":57,"column":null}},"23":{"start":{"line":60,"column":12},"end":{"line":62,"column":null}},"24":{"start":{"line":61,"column":16},"end":{"line":61,"column":null}},"25":{"start":{"line":64,"column":29},"end":{"line":64,"column":null}},"26":{"start":{"line":65,"column":12},"end":{"line":68,"column":null}},"27":{"start":{"line":70,"column":12},"end":{"line":70,"column":null}},"28":{"start":{"line":71,"column":12},"end":{"line":74,"column":null}},"29":{"start":{"line":75,"column":12},"end":{"line":75,"column":null}},"30":{"start":{"line":83,"column":8},"end":{"line":100,"column":null}},"31":{"start":{"line":85,"column":12},"end":{"line":85,"column":null}},"32":{"start":{"line":88,"column":12},"end":{"line":90,"column":null}},"33":{"start":{"line":89,"column":16},"end":{"line":89,"column":null}},"34":{"start":{"line":92,"column":12},"end":{"line":92,"column":null}},"35":{"start":{"line":94,"column":12},"end":{"line":94,"column":null}},"36":{"start":{"line":95,"column":12},"end":{"line":98,"column":null}},"37":{"start":{"line":99,"column":12},"end":{"line":99,"column":null}},"38":{"start":{"line":107,"column":29},"end":{"line":107,"column":null}},"39":{"start":{"line":108,"column":28},"end":{"line":108,"column":null}},"40":{"start":{"line":110,"column":8},"end":{"line":115,"column":null}},"41":{"start":{"line":122,"column":24},"end":{"line":122,"column":null}},"42":{"start":{"line":124,"column":8},"end":{"line":124,"column":null}},"43":{"start":{"line":125,"column":8},"end":{"line":125,"column":null}},"44":{"start":{"line":126,"column":8},"end":{"line":126,"column":null}},"45":{"start":{"line":127,"column":8},"end":{"line":127,"column":null}},"46":{"start":{"line":128,"column":8},"end":{"line":128,"column":null}},"47":{"start":{"line":130,"column":8},"end":{"line":130,"column":null}},"48":{"start":{"line":131,"column":8},"end":{"line":131,"column":null}},"49":{"start":{"line":132,"column":8},"end":{"line":132,"column":null}},"50":{"start":{"line":133,"column":8},"end":{"line":133,"column":null}},"51":{"start":{"line":134,"column":8},"end":{"line":134,"column":null}},"52":{"start":{"line":136,"column":8},"end":{"line":142,"column":null}},"53":{"start":{"line":137,"column":12},"end":{"line":137,"column":null}},"54":{"start":{"line":138,"column":12},"end":{"line":138,"column":null}},"55":{"start":{"line":139,"column":12},"end":{"line":139,"column":null}},"56":{"start":{"line":140,"column":12},"end":{"line":140,"column":null}},"57":{"start":{"line":141,"column":12},"end":{"line":141,"column":null}},"58":{"start":{"line":144,"column":8},"end":{"line":144,"column":null}},"59":{"start":{"line":148,"column":8},"end":{"line":148,"column":null}},"60":{"start":{"line":152,"column":8},"end":{"line":152,"column":null}},"61":{"start":{"line":156,"column":8},"end":{"line":156,"column":null}},"62":{"start":{"line":160,"column":8},"end":{"line":167,"column":null}},"63":{"start":{"line":171,"column":8},"end":{"line":181,"column":null}},"64":{"start":{"line":172,"column":12},"end":{"line":172,"column":null}},"65":{"start":{"line":174,"column":12},"end":{"line":176,"column":null}},"66":{"start":{"line":175,"column":16},"end":{"line":175,"column":null}},"67":{"start":{"line":178,"column":12},"end":{"line":178,"column":null}},"68":{"start":{"line":180,"column":12},"end":{"line":180,"column":null}},"69":{"start":{"line":185,"column":25},"end":{"line":185,"column":null}}},"fnMap":{"0":{"name":"initialize","decl":{"start":{"line":16,"column":10},"end":{"line":16,"column":38}},"loc":{"start":{"line":16,"column":38},"end":{"line":37,"column":null}},"line":16},"1":{"name":"emitEvent","decl":{"start":{"line":42,"column":10},"end":{"line":42,"column":20}},"loc":{"start":{"line":42,"column":86},"end":{"line":77,"column":null}},"line":42},"2":{"name":"onEvent","decl":{"start":{"line":82,"column":10},"end":{"line":82,"column":18}},"loc":{"start":{"line":82,"column":94},"end":{"line":101,"column":null}},"line":82},"3":{"name":"getMetrics","decl":{"start":{"line":106,"column":4},"end":{"line":106,"column":22}},"loc":{"start":{"line":106,"column":22},"end":{"line":116,"column":null}},"line":106},"4":{"name":"printMetricsSummary","decl":{"start":{"line":121,"column":4},"end":{"line":121,"column":32}},"loc":{"start":{"line":121,"column":32},"end":{"line":145,"column":null}},"line":121},"5":{"name":"getDeadLetterQueue","decl":{"start":{"line":147,"column":4},"end":{"line":147,"column":32}},"loc":{"start":{"line":147,"column":32},"end":{"line":149,"column":null}},"line":147},"6":{"name":"retryDeadLetter","decl":{"start":{"line":151,"column":10},"end":{"line":151,"column":26}},"loc":{"start":{"line":151,"column":59},"end":{"line":153,"column":null}},"line":151},"7":{"name":"clearDeadLetterQueue","decl":{"start":{"line":155,"column":4},"end":{"line":155,"column":33}},"loc":{"start":{"line":155,"column":33},"end":{"line":157,"column":null}},"line":155},"8":{"name":"getHealthStatus","decl":{"start":{"line":159,"column":4},"end":{"line":159,"column":27}},"loc":{"start":{"line":159,"column":27},"end":{"line":168,"column":null}},"line":159},"9":{"name":"shutdown","decl":{"start":{"line":170,"column":10},"end":{"line":170,"column":36}},"loc":{"start":{"line":170,"column":36},"end":{"line":182,"column":null}},"line":170}},"branchMap":{"0":{"loc":{"start":{"line":20,"column":12},"end":{"line":32,"column":null}},"type":"if","locations":[{"start":{"line":20,"column":12},"end":{"line":32,"column":null}},{"start":{"line":29,"column":19},"end":{"line":32,"column":null}}],"line":20},"1":{"loc":{"start":{"line":22,"column":16},"end":{"line":28,"column":null}},"type":"if","locations":[{"start":{"line":22,"column":16},"end":{"line":28,"column":null}},{"start":{"line":25,"column":23},"end":{"line":28,"column":null}}],"line":22},"2":{"loc":{"start":{"line":43,"column":19},"end":{"line":43,"column":null}},"type":"binary-expr","locations":[{"start":{"line":43,"column":19},"end":{"line":43,"column":30}},{"start":{"line":43,"column":30},"end":{"line":43,"column":null}}],"line":43},"3":{"loc":{"start":{"line":53,"column":33},"end":{"line":53,"column":72}},"type":"cond-expr","locations":[{"start":{"line":53,"column":56},"end":{"line":53,"column":66}},{"start":{"line":53,"column":66},"end":{"line":53,"column":72}}],"line":53},"4":{"loc":{"start":{"line":60,"column":12},"end":{"line":62,"column":null}},"type":"if","locations":[{"start":{"line":60,"column":12},"end":{"line":62,"column":null}},{"start":{},"end":{}}],"line":60},"5":{"loc":{"start":{"line":60,"column":16},"end":{"line":60,"column":73}},"type":"binary-expr","locations":[{"start":{"line":60,"column":16},"end":{"line":60,"column":40}},{"start":{"line":60,"column":40},"end":{"line":60,"column":73}}],"line":60},"6":{"loc":{"start":{"line":88,"column":12},"end":{"line":90,"column":null}},"type":"if","locations":[{"start":{"line":88,"column":12},"end":{"line":90,"column":null}},{"start":{},"end":{}}],"line":88},"7":{"loc":{"start":{"line":88,"column":16},"end":{"line":88,"column":73}},"type":"binary-expr","locations":[{"start":{"line":88,"column":16},"end":{"line":88,"column":40}},{"start":{"line":88,"column":40},"end":{"line":88,"column":73}}],"line":88},"8":{"loc":{"start":{"line":136,"column":8},"end":{"line":142,"column":null}},"type":"if","locations":[{"start":{"line":136,"column":8},"end":{"line":142,"column":null}},{"start":{},"end":{}}],"line":136},"9":{"loc":{"start":{"line":138,"column":40},"end":{"line":138,"column":77}},"type":"cond-expr","locations":[{"start":{"line":138,"column":66},"end":{"line":138,"column":72}},{"start":{"line":138,"column":72},"end":{"line":138,"column":77}}],"line":138},"10":{"loc":{"start":{"line":174,"column":12},"end":{"line":176,"column":null}},"type":"if","locations":[{"start":{"line":174,"column":12},"end":{"line":176,"column":null}},{"start":{},"end":{}}],"line":174}},"s":{"0":1,"1":1,"2":1,"3":1,"4":0,"5":0,"6":0,"7":0,"8":0,"9":0,"10":0,"11":0,"12":0,"13":0,"14":0,"15":0,"16":0,"17":0,"18":0,"19":0,"20":0,"21":0,"22":0,"23":0,"24":0,"25":0,"26":0,"27":0,"28":0,"29":0,"30":0,"31":0,"32":0,"33":0,"34":0,"35":0,"36":0,"37":0,"38":0,"39":0,"40":0,"41":0,"42":0,"43":0,"44":0,"45":0,"46":0,"47":0,"48":0,"49":0,"50":0,"51":0,"52":0,"53":0,"54":0,"55":0,"56":0,"57":0,"58":0,"59":0,"60":0,"61":0,"62":0,"63":0,"64":0,"65":0,"66":0,"67":0,"68":0,"69":1},"f":{"0":0,"1":0,"2":0,"3":0,"4":0,"5":0,"6":0,"7":0,"8":0,"9":0},"b":{"0":[0,0],"1":[0,0],"2":[0,0],"3":[0,0],"4":[0,0],"5":[0,0],"6":[0,0],"7":[0,0],"8":[0,0],"9":[0,0],"10":[0,0]},"meta":{"lastBranch":11,"lastFunction":10,"lastStatement":70,"seen":{"s:8:23:8:Infinity":0,"s:9:29:9:Infinity":1,"s:10:52:10:Infinity":2,"s:11:29:11:Infinity":3,"f:16:10:16:38":0,"s:17:8:36:Infinity":4,"s:18:12:18:Infinity":5,"b:20:12:32:Infinity:29:19:32:Infinity":0,"s:20:12:32:Infinity":6,"s:21:34:21:Infinity":7,"b:22:16:28:Infinity:25:23:28:Infinity":1,"s:22:16:28:Infinity":8,"s:23:20:23:Infinity":9,"s:24:20:24:Infinity":10,"s:26:20:26:Infinity":11,"s:27:20:27:Infinity":12,"s:30:16:30:Infinity":13,"s:31:16:31:Infinity":14,"s:34:12:34:Infinity":15,"s:35:12:35:Infinity":16,"f:42:10:42:20":1,"s:43:19:43:Infinity":17,"b:43:19:43:30:43:30:43:Infinity":2,"s:44:8:76:Infinity":18,"s:45:30:45:Infinity":19,"s:48:12:48:Infinity":20,"s:51:12:54:Infinity":21,"b:53:56:53:66:53:66:53:72":3,"s:57:12:57:Infinity":22,"b:60:12:62:Infinity:undefined:undefined:undefined:undefined":4,"s:60:12:62:Infinity":23,"b:60:16:60:40:60:40:60:73":5,"s:61:16:61:Infinity":24,"s:64:29:64:Infinity":25,"s:65:12:68:Infinity":26,"s:70:12:70:Infinity":27,"s:71:12:74:Infinity":28,"s:75:12:75:Infinity":29,"f:82:10:82:18":2,"s:83:8:100:Infinity":30,"s:85:12:85:Infinity":31,"b:88:12:90:Infinity:undefined:undefined:undefined:undefined":6,"s:88:12:90:Infinity":32,"b:88:16:88:40:88:40:88:73":7,"s:89:16:89:Infinity":33,"s:92:12:92:Infinity":34,"s:94:12:94:Infinity":35,"s:95:12:98:Infinity":36,"s:99:12:99:Infinity":37,"f:106:4:106:22":3,"s:107:29:107:Infinity":38,"s:108:28:108:Infinity":39,"s:110:8:115:Infinity":40,"f:121:4:121:32":4,"s:122:24:122:Infinity":41,"s:124:8:124:Infinity":42,"s:125:8:125:Infinity":43,"s:126:8:126:Infinity":44,"s:127:8:127:Infinity":45,"s:128:8:128:Infinity":46,"s:130:8:130:Infinity":47,"s:131:8:131:Infinity":48,"s:132:8:132:Infinity":49,"s:133:8:133:Infinity":50,"s:134:8:134:Infinity":51,"b:136:8:142:Infinity:undefined:undefined:undefined:undefined":8,"s:136:8:142:Infinity":52,"s:137:12:137:Infinity":53,"s:138:12:138:Infinity":54,"b:138:66:138:72:138:72:138:77":9,"s:139:12:139:Infinity":55,"s:140:12:140:Infinity":56,"s:141:12:141:Infinity":57,"s:144:8:144:Infinity":58,"f:147:4:147:32":5,"s:148:8:148:Infinity":59,"f:151:10:151:26":6,"s:152:8:152:Infinity":60,"f:155:4:155:33":7,"s:156:8:156:Infinity":61,"f:159:4:159:27":8,"s:160:8:167:Infinity":62,"f:170:10:170:36":9,"s:171:8:181:Infinity":63,"s:172:12:172:Infinity":64,"b:174:12:176:Infinity:undefined:undefined:undefined:undefined":10,"s:174:12:176:Infinity":65,"s:175:16:175:Infinity":66,"s:178:12:178:Infinity":67,"s:180:12:180:Infinity":68,"s:185:25:185:Infinity":69},"fnNames":{}}}
,"D:\\Projects\\base-backend\\backend-ts-starter\\src\\core\\events\\eventBus.ts": {"path":"D:\\Projects\\base-backend\\backend-ts-starter\\src\\core\\events\\eventBus.ts","statementMap":{"0":{"start":{"line":24,"column":8},"end":{"line":24,"column":null}},"1":{"start":{"line":25,"column":8},"end":{"line":25,"column":null}},"2":{"start":{"line":27,"column":8},"end":{"line":34,"column":null}},"3":{"start":{"line":36,"column":8},"end":{"line":36,"column":null}},"4":{"start":{"line":37,"column":8},"end":{"line":37,"column":null}},"5":{"start":{"line":38,"column":8},"end":{"line":42,"column":null}},"6":{"start":{"line":46,"column":8},"end":{"line":49,"column":null}},"7":{"start":{"line":47,"column":12},"end":{"line":47,"column":null}},"8":{"start":{"line":48,"column":12},"end":{"line":48,"column":null}},"9":{"start":{"line":51,"column":8},"end":{"line":54,"column":null}},"10":{"start":{"line":52,"column":12},"end":{"line":52,"column":null}},"11":{"start":{"line":53,"column":12},"end":{"line":53,"column":null}},"12":{"start":{"line":56,"column":8},"end":{"line":58,"column":null}},"13":{"start":{"line":57,"column":12},"end":{"line":57,"column":null}},"14":{"start":{"line":60,"column":8},"end":{"line":60,"column":null}},"15":{"start":{"line":64,"column":8},"end":{"line":64,"column":null}},"16":{"start":{"line":64,"column":22},"end":{"line":64,"column":null}},"17":{"start":{"line":66,"column":26},"end":{"line":66,"column":null}},"18":{"start":{"line":67,"column":32},"end":{"line":67,"column":null}},"19":{"start":{"line":69,"column":8},"end":{"line":73,"column":null}},"20":{"start":{"line":70,"column":12},"end":{"line":72,"column":null}},"21":{"start":{"line":71,"column":16},"end":{"line":71,"column":null}},"22":{"start":{"line":75,"column":8},"end":{"line":75,"column":null}},"23":{"start":{"line":79,"column":22},"end":{"line":79,"column":null}},"24":{"start":{"line":80,"column":8},"end":{"line":80,"column":null}},"25":{"start":{"line":84,"column":8},"end":{"line":84,"column":null}},"26":{"start":{"line":84,"column":38},"end":{"line":84,"column":61}},"27":{"start":{"line":88,"column":8},"end":{"line":91,"column":null}},"28":{"start":{"line":89,"column":12},"end":{"line":89,"column":null}},"29":{"start":{"line":90,"column":12},"end":{"line":90,"column":null}},"30":{"start":{"line":93,"column":8},"end":{"line":93,"column":null}},"31":{"start":{"line":95,"column":24},"end":{"line":95,"column":null}},"32":{"start":{"line":96,"column":26},"end":{"line":96,"column":null}},"33":{"start":{"line":97,"column":33},"end":{"line":97,"column":null}},"34":{"start":{"line":99,"column":8},"end":{"line":105,"column":null}},"35":{"start":{"line":107,"column":8},"end":{"line":109,"column":null}},"36":{"start":{"line":108,"column":12},"end":{"line":108,"column":null}},"37":{"start":{"line":111,"column":8},"end":{"line":116,"column":null}},"38":{"start":{"line":125,"column":26},"end":{"line":125,"column":null}},"39":{"start":{"line":126,"column":28},"end":{"line":126,"column":null}},"40":{"start":{"line":128,"column":8},"end":{"line":192,"column":null}},"41":{"start":{"line":129,"column":12},"end":{"line":134,"column":null}},"42":{"start":{"line":132,"column":20},"end":{"line":132,"column":null}},"43":{"start":{"line":132,"column":37},"end":{"line":132,"column":85}},"44":{"start":{"line":136,"column":34},"end":{"line":136,"column":null}},"45":{"start":{"line":138,"column":12},"end":{"line":138,"column":null}},"46":{"start":{"line":139,"column":12},"end":{"line":141,"column":null}},"47":{"start":{"line":140,"column":16},"end":{"line":140,"column":null}},"48":{"start":{"line":142,"column":12},"end":{"line":142,"column":null}},"49":{"start":{"line":144,"column":12},"end":{"line":148,"column":null}},"50":{"start":{"line":150,"column":12},"end":{"line":150,"column":null}},"51":{"start":{"line":152,"column":34},"end":{"line":152,"column":null}},"52":{"start":{"line":154,"column":36},"end":{"line":154,"column":null}},"53":{"start":{"line":155,"column":32},"end":{"line":155,"column":null}},"54":{"start":{"line":157,"column":12},"end":{"line":157,"column":null}},"55":{"start":{"
[...]
133,"b:401:12:405:Infinity:undefined:undefined:undefined:undefined":18,"s:401:12:405:Infinity":134,"b:401:16:401:29:401:29:401:40":19,"s:402:28:402:Infinity":135,"s:403:16:403:Infinity":136,"s:404:16:404:Infinity":137,"s:407:30:407:Infinity":138,"s:408:24:408:Infinity":139,"s:410:43:410:Infinity":140,"s:412:12:412:Infinity":141,"s:414:12:414:Infinity":142,"f:421:17:421:32":18,"s:422:8:434:Infinity":143,"s:423:30:423:Infinity":144,"b:424:12:428:Infinity:undefined:undefined:undefined:undefined":20,"s:424:12:428:Infinity":145,"s:425:28:425:Infinity":146,"s:426:16:426:Infinity":147,"s:427:16:427:Infinity":148,"s:430:27:430:Infinity":149,"s:431:12:431:Infinity":150,"s:433:12:433:Infinity":151,"f:440:17:440:31":19,"s:441:8:455:Infinity":152,"s:442:26:442:Infinity":153,"b:442:26:442:46:442:46:442:Infinity":21,"s:443:36:443:Infinity":154,"b:445:12:449:Infinity:undefined:undefined:undefined:undefined":22,"s:445:12:449:Infinity":155,"b:445:16:445:26:445:26:445:40":23,"s:446:28:446:Infinity":156,"s:447:16:447:Infinity":157,"s:448:16:448:Infinity":158,"s:451:27:451:Infinity":159,"s:452:12:452:Infinity":160,"s:454:12:454:Infinity":161,"f:461:17:461:32":20,"s:462:8:511:Infinity":162,"s:463:27:463:Infinity":163,"b:464:12:468:Infinity:undefined:undefined:undefined:undefined":24,"s:464:12:468:Infinity":164,"s:465:28:465:Infinity":165,"s:466:16:466:Infinity":166,"s:467:16:467:Infinity":167,"s:470:49:470:Infinity":168,"b:471:12:475:Infinity:undefined:undefined:undefined:undefined":25,"s:471:12:475:Infinity":169,"b:471:16:471:32:471:32:471:46":26,"s:472:28:472:Infinity":170,"s:473:16:473:Infinity":171,"s:474:16:474:Infinity":172,"s:477:25:479:Infinity":173,"f:477:49:477:79":21,"s:478:16:478:Infinity":174,"b:481:12:485:Infinity:undefined:undefined:undefined:undefined":27,"s:481:12:485:Infinity":175,"s:482:28:482:Infinity":176,"s:483:16:483:Infinity":177,"s:484:16:484:Infinity":178,"b:487:12:491:Infinity:undefined:undefined:undefined:undefined":28,"s:487:12:491:Infinity":179,"s:488:28:488:Infinity":180,"s:489:16:489:Infinity":181,"s:490:16:490:Infinity":182,"s:493:28:493:Infinity":183,"b:494:12:498:Infinity:undefined:undefined:undefined:undefined":29,"s:494:12:498:Infinity":184,"s:495:28:495:Infinity":185,"s:496:16:496:Infinity":186,"s:497:16:497:Infinity":187,"s:500:35:500:Infinity":188,"s:501:12:506:Infinity":189,"f:501:36:501:65":22,"s:502:16:505:Infinity":190,"s:508:12:508:Infinity":191,"s:510:12:510:Infinity":192,"f:517:17:517:36":23,"s:518:8:575:Infinity":193,"s:519:25:519:Infinity":194,"b:520:12:523:Infinity:undefined:undefined:undefined:undefined":30,"s:520:12:523:Infinity":195,"s:521:16:521:Infinity":196,"s:522:16:522:Infinity":197,"s:525:32:529:Infinity":198,"s:531:33:535:Infinity":199,"s:537:32:537:Infinity":200,"s:539:12:544:Infinity":201,"f:539:36:539:66":24,"s:540:16:543:Infinity":202,"s:546:30:546:Infinity":203,"s:547:29:547:Infinity":204,"b:548:12:555:Infinity:undefined:undefined:undefined:undefined":31,"s:548:12:555:Infinity":205,"s:549:16:554:Infinity":206,"s:550:36:550:Infinity":207,"b:551:20:551:Infinity:undefined:undefined:undefined:undefined":32,"s:551:20:551:Infinity":208,"s:551:44:551:Infinity":209,"s:553:20:553:Infinity":210,"s:557:28:557:Infinity":211,"b:557:61:557:93:557:93:557:Infinity":33,"s:558:31:558:Infinity":212,"b:558:60:558:73:558:73:558:Infinity":34,"s:559:29:559:Infinity":213,"b:559:82:559:88:559:88:559:92":35,"s:562:12:567:Infinity":214,"b:566:40:566:51:566:51:566:Infinity":36,"s:569:12:569:Infinity":215,"s:570:12:570:Infinity":216,"s:571:12:571:Infinity":217,"s:573:12:573:Infinity":218,"s:574:12:574:Infinity":219},"fnNames":{}}}
,"D:\\Projects\\base-backend\\backend-ts-starter\\src\\modules\\auth\\auth.routes.ts": {"path":"D:\\Projects\\base-backend\\backend-ts-starter\\src\\modules\\auth\\auth.routes.ts","statementMap":{"0":{"start":{"line":15,"column":15},"end":{"line":15,"column":null}},"1":{"start":{"line":18,"column":0},"end":{"line":18,"column":null}},"2":{"start":{"line":19,"column":0},"end":{"line":19,"column":null}},"3":{"start":{"line":20,"column":0},"end":{"line":20,"column":null}},"4":{"start":{"line":21,"column":0},"end":{"line":21,"column":null}},"5":{"start":{"line":24,"column":0},"end":{"line":24,"column":null}},"6":{"start":{"line":25,"column":0},"end":{"line":25,"column":null}},"7":{"start":{"line":26,"column":0},"end":{"line":26,"column":null}},"8":{"start":{"line":29,"column":0},"end":{"line":29,"column":null}},"9":{"start":{"line":32,"column":0},"end":{"line":32,"column":null}},"10":{"start":{"line":33,"column":0},"end":{"line":33,"column":null}},"11":{"start":{"line":34,"column":0},"end":{"line":34,"column":null}},"12":{"start":{"line":37,"column":0},"end":{"line":41,"column":null}},"13":{"start":{"line":38,"column":27},"end":{"line":38,"column":null}},"14":{"start":{"line":39,"column":18},"end":{"line":39,"column":null}},"15":{"start":{"line":40,"column":4},"end":{"line":40,"column":null}},"16":{"start":{"line":42,"column":0},"end":{"line":42,"column":null}},"17":{"start":{"line":44,"column":0},"end":{"line":48,"column":null}},"18":{"start":{"line":45,"column":27},"end":{"line":45,"column":null}},"19":{"start":{"line":46,"column":18},"end":{"line":46,"column":null}},"20":{"start":{"line":47,"column":4},"end":{"line":47,"column":null}},"21":{"start":{"line":49,"column":0},"end":{"line":49,"column":null}}},"fnMap":{"0":{"name":"(anonymous_0)","decl":{"start":{"line":37,"column":11},"end":{"line":37,"column":23}},"loc":{"start":{"line":37,"column":75},"end":{"line":41,"column":1}},"line":37},"1":{"name":"(anonymous_1)","decl":{"start":{"line":44,"column":11},"end":{"line":44,"column":23}},"loc":{"start":{"line":44,"column":75},"end":{"line":48,"column":1}},"line":44}},"branchMap":{"0":{"loc":{"start":{"line":39,"column":18},"end":{"line":39,"column":null}},"type":"cond-expr","locations":[{"start":{"line":39,"column":31},"end":{"line":39,"column":96}},{"start":{"line":39,"column":96},"end":{"line":39,"column":null}}],"line":39},"1":{"loc":{"start":{"line":46,"column":18},"end":{"line":46,"column":null}},"type":"cond-expr","locations":[{"start":{"line":46,"column":31},"end":{"line":46,"column":96}},{"start":{"line":46,"column":96},"end":{"line":46,"column":null}}],"line":46}},"s":{"0":1,"1":1,"2":1,"3":1,"4":1,"5":1,"6":1,"7":1,"8":1,"9":1,"10":1,"11":1,"12":1,"13":0,"14":0,"15":0,"16":1,"17":1,"18":0,"19":0,"20":0,"21":1},"f":{"0":0,"1":0},"b":{"0":[0,0],"1":[0,0]},"meta":{"lastBranch":2,"lastFunction":2,"lastStatement":22,"seen":{"s:15:15:15:Infinity":0,"s:18:0:18:Infinity":1,"s:19:0:19:Infinity":2,"s:20:0:20:Infinity":3,"s:21:0:21:Infinity":4,"s:24:0:24:Infinity":5,"s:25:0:25:Infinity":6,"s:26:0:26:Infinity":7,"s:29:0:29:Infinity":8,"s:32:0:32:Infinity":9,"s:33:0:33:Infinity":10,"s:34:0:34:Infinity":11,"s:37:0:41:Infinity":12,"f:37:11:37:23":0,"s:38:27:38:Infinity":13,"s:39:18:39:Infinity":14,"b:39:31:39:96:39:96:39:Infinity":0,"s:40:4:40:Infinity":15,"s:42:0:42:Infinity":16,"s:44:0:48:Infinity":17,"f:44:11:44:23":1,"s:45:27:45:Infinity":18,"s:46:18:46:Infinity":19,"b:46:31:46:96:46:96:46:Infinity":1,"s:47:4:47:Infinity":20,"s:49:0:49:Infinity":21},"fnNames":{}}}
,"D:\\Projects\\base-backend\\backend-ts-starter\\src\\modules\\auth\\auth.schema.ts": {"path":"D:\\Projects\\base-backend\\backend-ts-starter\\src\\modules\\auth\\auth.schema.ts","statementMap":{"0":{"start":{"line":3,"column":27},"end":{"line":11,"column":null}},"1":{"start":{"line":13,"column":30},"end":{"line":25,"column":null}},"2":{"start":{"line":27,"column":36},"end":{"line":32,"column":null}},"3":{"start":{"line":34,"column":35},"end":{"line":37,"column":null}},"4":{"start":{"line":39,"column":36},"end":{"line":42,"column":null}},"5":{"start":{"line":44,"column":35},"end":{"line":48,"column":null}}},"fnMap":{},"branchMap":{},"s":{"0":1,"1":1,"2":1,"3":1,"4":1,"5":1},"f":{},"b":{},"meta":{"lastBranch":0,"lastFunction":0,"lastStatement":6,"seen":{"s:3:27:11:Infinity":0,"s:13:30:25:Infinity":1,"s:27:36:32:Infinity":2,"s:34:35:37:Infinity":3,"s:39:36:42:Infinity":4,"s:44:35:48:Infinity":5},"fnNames":{}}}
,"D:\\Projects\\base-backend\\backend-ts-starter\\src\\modules\\auth\\auth.service.ts": {"path":"D:\\Projects\\base-backend\\backend-ts-starter\\src\\modules\\auth\\auth.service.ts","statementMap":{"0":{"start":{"line":21,"column":21},"end":{"line":23,"column":null}},"1":{"start":{"line":22,"column":12},"end":{"line":22,"column":null}},"2":{"start":{"line":25,"column":8},"end":{"line":28,"column":null}},"3":{"start":{"line":27,"column":12},"end":{"line":27,"column":null}},"4":{"start":{"line":31,"column":27},"end":{"line":31,"column":null}},"5":{"start":{"line":32,"column":28},"end":{"line":32,"column":null}},"6":{"start":{"line":35,"column":28},"end":{"line":35,"column":null}},"7":{"start":{"line":37,"column":8},"end":{"line":45,"column":null}},"8":{"start":{"line":38,"column":12},"end":{"line":44,"column":null}},"9":{"start":{"line":48,"column":24},"end":{"line":48,"column":null}},"10":{"start":{"line":49,"column":25},"end":{"line":49,"column":null}},"11":{"start":{"line":51,"column":8},"end":{"line":56,"column":null}},"12":{"start":{"line":58,"column":45},"end":{"line":60,"column":null}},"13":{"start":{"line":62,"column":8},"end":{"line":64,"column":null}},"14":{"start":{"line":63,"column":12},"end":{"line":63,"column":null}},"15":{"start":{"line":66,"column":8},"end":{"line":66,"column":null}},"16":{"start":{"line":73,"column":28},"end":{"line":73,"column":null}},"17":{"start":{"line":75,"column":21},"end":{"line":82,"column":null}},"18":{"start":{"line":76,"column":12},"end":{"line":81,"column":null}},"19":{"start":{"line":84,"column":8},"end":{"line":88,"column":null}},"20":{"start":{"line":85,"column":24},"end":{"line":85,"column":null}},"21":{"start":{"line":86,"column":12},"end":{"line":86,"column":null}},"22":{"start":{"line":87,"column":12},"end":{"line":87,"column":null}},"23":{"start":{"line":90,"column":31},"end":{"line":90,"column":null}},"24":{"start":{"line":92,"column":8},"end":{"line":101,"column":null}},"25":{"start":{"line":93,"column":12},"end":{"line":100,"column":null}},"26":{"start":{"line":103,"column":8},"end":{"line":103,"column":null}}},"fnMap":{"0":{"name":"forgotPasswordService","decl":{"start":{"line":20,"column":17},"end":{"line":20,"column":39}},"loc":{"start":{"line":20,"column":85},"end":{"line":67,"column":null}},"line":20},"1":{"name":"(anonymous_1)","decl":{"start":{"line":21,"column":45},"end":{"line":21,"column":67}},"loc":{"start":{"line":22,"column":12},"end":{"line":22,"column":null}},"line":22},"2":{"name":"(anonymous_2)","decl":{"start":{"line":37,"column":32},"end":{"line":37,"column":60}},"loc":{"start":{"line":38,"column":12},"end":{"line":44,"column":null}},"line":38},"3":{"name":"resetPasswordService","decl":{"start":{"line":72,"column":17},"end":{"line":72,"column":38}},"loc":{"start":{"line":72,"column":104},"end":{"line":104,"column":null}},"line":72},"4":{"name":"(anonymous_4)","decl":{"start":{"line":75,"column":45},"end":{"line":75,"column":69}},"loc":{"start":{"line":76,"column":12},"end":{"line":81,"column":null}},"line":76},"5":{"name":"(anonymous_5)","decl":{"start":{"line":92,"column":32},"end":{"line":92,"column":60}},"loc":{"start":{"line":93,"column":12},"end":{"line":100,"column":null}},"line":93}},"branchMap":{"0":{"loc":{"start":{"line":25,"column":8},"end":{"line":28,"column":null}},"type":"if","locations":[{"start":{"line":25,"column":8},"end":{"line":28,"column":null}},{"start":{},"end":{}}],"line":25},"1":{"loc":{"start":{"line":48,"column":24},"end":{"line":48,"column":null}},"type":"cond-expr","locations":[{"start":{"line":48,"column":57},"end":{"line":48,"column":89}},{"start":{"line":48,"column":89},"end":{"line":48,"column":null}}],"line":48},"2":{"loc":{"start":{"line":62,"column":8},"end":{"line":64,"column":null}},"type":"if","locations":[{"start":{"line":62,"column":8},"end":{"line":64,"column":null}},{"start":{},"end":{}}],"line":62},"3":{"loc":{"start":{"line":84,"column":8},"end":{"line":88,"column":null}},"type":"if","locations":[{"start":{"line":84,"column":8},"end":{"line":88,"column":null}},{"start":{},"end":{}}],"line":84}},"s":{"0":2,"1":2,"2":2,"3":1,"4":1,"5":1,"6":1,"7":1,"8":1,"9":1,"10":2,"11":2,"12":1,"13":1,"14":1,"15":1,"16":2,"17":2,"18":2,"19":2,"20":1,"21":1,"22":1,"23":1,"24":1,"25":1,"26":1},"f":{"0":2,"1":2,"2":1,"3":2,"4":2,"5":1},"b":{"0":[1,1],"1":[0,1],"2":[1,0],"3":[1,1]},"meta":{"lastBranch":4,"lastFunction":6,"lastStatement":27,"seen":{"f:20:17:20:39":0,"s:21:21:23:Infinity":0,"f:21:45:21:67":1,"s:22:12:22:Infinity":1,"b:25:8:28:Infinity:undefined:undefined:undefined:undefined":0,"s:25:8:28:Infinity":2,"s:27:12:27:Infinity":3,"s:31:27:31:Infinity":4,"s:32:28:32:Infinity":5,"s:35:28:35:Infinity":6,"s:37:8:45:Infinity":7,"f:37:32:37:60":2,"s:38:12:44:Infinity":8,"s:48:24:48:Infinity":9,"b:48:57:48:89:48:89:48:Infinity":1,"s:49:25:49:Infinity":10,"s:51:8:56:Infinity":11,"s:58:45:60:Infinity":12,"b:62:8:64:Infinity:undefined:undefined:undefined:undefined":2,"s:62:8:64:Infinity":13,"s:63:12:63:Infinity":14,"s:66:8:66:Infinity":15,"f:72:17:72:38":3,"s:73:28:73:Infinity":16,"s:75:21:82:Infinity":17,"f:75:45:75:69":4,"s:76:12:81:Infinity":18,"b:84:8:88:Infinity:undefined:undefined:undefined:undefined":3,"s:84:8:88:Infinity":19,"s:85:24:85:Infinity":20,"s:86:12:86:Infinity":21,"s:87:12:87:Infinity":22,"s:90:31:90:Infinity":23,"s:92:8:101:Infinity":24,"f:92:32:92:60":5,"s:93:12:100:Infinity":25,"s:103:8:103:Infinity":26},"fnNames":{}}}
,"D:\\Projects\\base-backend\\backend-ts-starter\\src\\modules\\auth\\passport.ts": {"path":"D:\\Projects\\base-backend\\backend-ts-starter\\src\\modules\\auth\\passport.ts","statementMap":{"0":{"start":{"line":8,"column":0},"end":{"line":37,"column":null}},"1":{"start":{"line":9,"column":4},"end":{"line":36,"column":null}},"2":{"start":{"line":15,"column":8},"end":{"line":35,"column":null}},"3":{"start":{"line":16,"column":26},"end":{"line":16,"column":null}},"4":{"start":{"line":17,"column":12},"end":{"line":17,"column":null}},"5":{"start":{"line":17,"column":24},"end":{"line":17,"column":null}},"6":{"start":{"line":19,"column":25},"end":{"line":30,"column":null}},"7":{"start":{"line":20,"column":16},"end":{"line":29,"column":null}},"8":{"start":{"line":32,"column":12},"end":{"line":32,"column":null}},"9":{"start":{"line":34,"column":12},"end":{"line":34,"column":null}},"10":{"start":{"line":40,"column":0},"end":{"line":69,"column":null}},"11":{"start":{"line":41,"column":4},"end":{"line":68,"column":null}},"12":{"start":{"line":47,"column":8},"end":{"line":67,"column":null}},"13":{"start":{"line":48,"column":26},"end":{"line":48,"column":null}},"14":{"start":{"line":49,"column":12},"end":{"line":49,"column":null}},"15":{"start":{"line":49,"column":24},"end":{"line":49,"column":null}},"16":{"start":{"line":51,"column":25},"end":{"line":62,"column":null}},"17":{"start":{"line":52,"column":16},"end":{"line":61,"column":null}},"18":{"start":{"line":64,"column":12},"end":{"line":64,"column":null}},"19":{"start":{"line":66,"column":12},"end":{"line":66,"column":null}},"20":{"start":{"line":71,"column":0},"end":{"line":73,"column":null}},"21":{"start":{"line":72,"column":4},"end":{"line":72,"column":null}},"22":{"start":{"line":75,"column":0},"end":{"line":77,"column":null}},"23":{"start":{"line":76,"column":4},"end":{"line":76,"column":null}}},"fnMap":{"0":{"name":"(anonymous_0)","decl":{"start":{"line":14,"column":7},"end":{"line":14,"column":14}},"loc":{"start":{"line":14,"column":87},"end":{"line":36,"column":5}},"line":14},"1":{"name":"(anonymous_1)","decl":{"start":{"line":19,"column":49},"end":{"line":19,"column":71}},"loc":{"start":{"line":20,"column":16},"end":{"line":29,"column":null}},"line":20},"2":{"name":"(anonymous_2)","decl":{"start":{"line":46,"column":7},"end":{"line":46,"column":14}},"loc":{"start":{"line":46,"column":87},"end":{"line":68,"column":5}},"line":46},"3":{"name":"(anonymous_3)","decl":{"start":{"line":51,"column":49},"end":{"line":51,"column":71}},"loc":{"start":{"line":52,"column":16},"end":{"line":61,"column":null}},"line":52},"4":{"name":"(anonymous_4)","decl":{"start":{"line":71,"column":9},"end":{"line":71,"column":24}},"loc":{"start":{"line":71,"column":44},"end":{"line":73,"column":1}},"line":71},"5":{"name":"(anonymous_5)","decl":{"start":{"line":75,"column":9},"end":{"line":75,"column":26}},"loc":{"start":{"line":75,"column":46},"end":{"line":77,"column":1}},"line":75}},"branchMap":{"0":{"loc":{"start":{"line":8,"column":0},"end":{"line":37,"column":null}},"type":"if","locations":[{"start":{"line":8,"column":0},"end":{"line":37,"column":null}},{"start":{},"end":{}}],"line":8},"1":{"loc":{"start":{"line":8,"column":4},"end":{"line":8,"column":54}},"type":"binary-expr","locations":[{"start":{"line":8,"column":4},"end":{"line":8,"column":28}},{"start":{"line":8,"column":28},"end":{"line":8,"column":54}}],"line":8},"2":{"loc":{"start":{"line":12,"column":21},"end":{"line":12,"column":null}},"type":"binary-expr","locations":[{"start":{"line":12,"column":21},"end":{"line":12,"column":48}},{"start":{"line":12,"column":48},"end":{"line":12,"column":null}}],"line":12},"3":{"loc":{"start":{"line":17,"column":12},"end":{"line":17,"column":null}},"type":"if","locations":[{"start":{"line":17,"column":12},"end":{"line":17,"column":null}},{"start":{},"end":{}}],"line":17},"4":{"loc":{"start":{"line":40,"column":0},"end":{"line":69,"column":null}},"type":"if","locations":[{"start":{"line":40,"column":0},"end":{"line":69,"column":null}},{"start":{},"end":{}}],"line":40},"5":{"loc":{"start":{"line":40,"column":4},"end":{"line":40,"column":54}},"type":"binary-expr","locations":[{"start":{"line":40,"column":4},"end":{"line":40,"column":28}},{"start":{"line":40,"column":28},"end":{"line":40,"column":54}}],"line":40},"6":{"loc":{"start":{"line":44,"column":21},"end":{"line":44,"column":null}},"type":"binary-expr","locations":[{"start":{"line":44,"column":21},"end":{"line":44,"column":48}},{"start":{"line":44,"column":48},"end":{"line":44,"column":null}}],"line":44},"7":{"loc":{"start":{"line":49,"column":12},"end":{"line":49,"column":null}},"type":"if","locations":[{"start":{"line":49,"column":12},"end":{"line":49,"column":null}},{"start":{},"end":{}}],"line":49},"8":{"loc":{"start":{"line":56,"column":34},"end":{"line":56,"column":null}},"type":"binary-expr","locations":[{"start":{"line":56,"column":34},"end":{"line":56,"column":54}},{"start":{"line":56,"column":54},"end":{"line":56,"column":null}}],"line":56}},"s":{"0":1,"1":1,"2":0,"3":0,"4":0,"5":0,"6":0,"7":0,"8":0,"9":0,"10":1,"11":1,"12":0,"13":0,"14":0,"15":0,"16":0,"17":0,"18":0,"19":0,"20":1,"21":0,"22":1,"23":0},"f":{"0":0,"1":0,"2":0,"3":0,"4":0,"5":0},"b":{"0":[1,0],"1":[1,1],"2":[1,0],"3":[0,0],"4":[1,0],"5":[1,1],"6":[1,0],"7":[0,0],"8":[0,0]},"meta":{"lastBranch":9,"lastFunction":6,"lastStatement":24,"seen":{"b:8:0:37:Infinity:undefined:undefined:undefined:undefined":0,"s:8:0:37:Infinity":0,"b:8:4:8:28:8:28:8:54":1,"s:9:4:36:Infinity":1,"b:12:21:12:48:12:48:12:Infinity":2,"f:14:7:14:14":0,"s:15:8:35:Infinity":2,"s:16:26:16:Infinity":3,"b:17:12:17:Infinity:undefined:undefined:undefined:undefined":3,"s:17:12:17:Infinity":4,"s:17:24:17:Infinity":5,"s:19:25:30:Infinity":6,"f:19:49:19:71":1,"s:20:16:29:Infinity":7,"s:32:12:32:Infinity":8,"s:34:12:34:Infinity":9,"b:40:0:69:Infinity:undefined:undefined:undefined:undefined":4,"s:40:0:69:Infinity":10,"b:40:4:40:28:40:28:40:54":5,"s:41:4:68:Infinity":11,"b:44:21:44:48:44:48:44:Infinity":6,"f:46:7:46:14":2,"s:47:8:67:Infinity":12,"s:48:26:48:Infinity":13,"b:49:12:49:Infinity:undefined:undefined:undefined:undefined":7,"s:49:12:49:Infinity":14,"s:49:24:49:Infinity":15,"s:51:25:62:Infinity":16,"f:51:49:51:71":3,"s:52:16:61:Infinity":17,"b:56:34:56:54:56:54:56:Infinity":8,"s:64:12:64:Infinity":18,"s:66:12:66:Infinity":19,"s:71:0:73:Infinity":20,"f:71:9:71:24":4,"s:72:4:72:Infinity":21,"s:75:0:77:Infinity":22,"f:75:9:75:26":5,"s:76:4:76:Infinity":23},"fnNames":{}}}
}
